<?xml version="1.0" encoding="UTF-8"?>
<coverage generated="1758657266">
  <project timestamp="1758657266" name="">
    <package name="App">
      <file name="/home/runner/work/php-symfony-base/php-symfony-base/src/Application.php">
        <class name="App\Application" namespace="App">
          <metrics complexity="11" methods="9" coveredmethods="8" conditionals="14" coveredconditionals="12" statements="16" coveredstatements="15" elements="39" coveredelements="35"/>
        </class>
        <line num="29" type="method" name="__construct" visibility="public" complexity="1" crap="1" count="3"/>
        <line num="31" type="stmt" count="3"/>
        <line num="32" type="stmt" count="3"/>
        <line num="33" type="stmt" count="3"/>
        <line num="41" type="method" name="getServerType" visibility="public" complexity="1" crap="1" count="3"/>
        <line num="44" type="stmt" count="3"/>
        <line num="46" type="stmt" count="3"/>
        <line num="49" type="method" name="getGinaRolePrefix" visibility="public" complexity="1" crap="1" count="3"/>
        <line num="51" type="stmt" count="3"/>
        <line num="54" type="method" name="getUrl" visibility="public" complexity="1" crap="1" count="1"/>
        <line num="56" type="stmt" count="1"/>
        <line num="62" type="method" name="isServerLocal" visibility="public" complexity="1" crap="1" count="3"/>
        <line num="64" type="stmt" count="3"/>
        <line num="72" type="method" name="getEnvironment" visibility="public" complexity="1" crap="1" count="3"/>
        <line num="74" type="stmt" count="3"/>
        <line num="80" type="method" name="isDebug" visibility="public" complexity="1" crap="1" count="3"/>
        <line num="82" type="stmt" count="3"/>
        <line num="88" type="method" name="getVersion" visibility="public" complexity="3" crap="5.67" count="3"/>
        <line num="90" type="stmt" count="3"/>
        <line num="91" type="stmt" count="3"/>
        <line num="92" type="stmt" count="3"/>
        <line num="93" type="stmt" count="0"/>
        <line num="96" type="stmt" count="3"/>
        <line num="99" type="method" name="getUser" visibility="public" complexity="1" crap="1" count="1"/>
        <line num="102" type="stmt" count="1"/>
        <metrics loc="105" ncloc="73" classes="1" methods="9" coveredmethods="8" conditionals="14" coveredconditionals="12" statements="16" coveredstatements="15" elements="39" coveredelements="35"/>
      </file>
      <file name="/home/runner/work/php-symfony-base/php-symfony-base/src/BaseParameter.php">
        <class name="App\BaseParameter" namespace="App">
          <metrics complexity="12" methods="5" coveredmethods="4" conditionals="23" coveredconditionals="21" statements="37" coveredstatements="35" elements="65" coveredelements="60"/>
        </class>
        <line num="38" type="method" name="__construct" visibility="public" complexity="5" crap="20.15" count="3"/>
        <line num="41" type="stmt" count="3"/>
        <line num="44" type="stmt" count="3"/>
        <line num="46" type="stmt" count="3"/>
        <line num="47" type="stmt" count="3"/>
        <line num="50" type="stmt" count="3"/>
        <line num="51" type="stmt" count="3"/>
        <line num="53" type="stmt" count="3"/>
        <line num="56" type="stmt" count="3"/>
        <line num="60" type="stmt" count="3"/>
        <line num="61" type="stmt" count="3"/>
        <line num="62" type="stmt" count="3"/>
        <line num="63" type="stmt" count="2"/>
        <line num="65" type="stmt" count="2"/>
        <line num="66" type="stmt" count="2"/>
        <line num="67" type="stmt" count="2"/>
        <line num="69" type="stmt" count="2"/>
        <line num="70" type="stmt" count="3"/>
        <line num="71" type="stmt" count="3"/>
        <line num="72" type="stmt" count="3"/>
        <line num="74" type="stmt" count="3"/>
        <line num="76" type="stmt" count="2"/>
        <line num="78" type="stmt" count="2"/>
        <line num="80" type="stmt" count="2"/>
        <line num="83" type="stmt" count="2"/>
        <line num="84" type="stmt" count="2"/>
        <line num="87" type="stmt" count="0"/>
        <line num="88" type="stmt" count="0"/>
        <line num="95" type="method" name="getDefaultValues" visibility="public" complexity="1" crap="1" count="2"/>
        <line num="97" type="stmt" count="2"/>
        <line num="103" type="method" name="getCurrentValues" visibility="public" complexity="1" crap="1" count="2"/>
        <line num="105" type="stmt" count="2"/>
        <line num="111" type="method" name="clearCache" visibility="public" complexity="1" crap="1" count="1"/>
        <line num="113" type="stmt" count="1"/>
        <line num="119" type="method" name="getAnnotations" visibility="public" complexity="4" crap="12.19" count="2"/>
        <line num="121" type="stmt" count="2"/>
        <line num="122" type="stmt" count="2"/>
        <line num="123" type="stmt" count="2"/>
        <line num="124" type="stmt" count="2"/>
        <line num="125" type="stmt" count="2"/>
        <line num="126" type="stmt" count="2"/>
        <line num="131" type="stmt" count="2"/>
        <metrics loc="134" ncloc="91" classes="1" methods="5" coveredmethods="4" conditionals="23" coveredconditionals="21" statements="37" coveredstatements="35" elements="65" coveredelements="60"/>
      </file>
      <file name="/home/runner/work/php-symfony-base/php-symfony-base/src/ExceptionApplication.php">
        <class name="App\ExceptionApplication" namespace="App">
          <metrics complexity="0" methods="0" coveredmethods="0" conditionals="0" coveredconditionals="0" statements="0" coveredstatements="0" elements="0" coveredelements="0"/>
        </class>
        <metrics loc="10" ncloc="10" classes="0" methods="0" coveredmethods="0" conditionals="0" coveredconditionals="0" statements="0" coveredstatements="0" elements="0" coveredelements="0"/>
      </file>
      <file name="/home/runner/work/php-symfony-base/php-symfony-base/src/Kernel.php">
        <class name="App\Kernel" namespace="App">
          <metrics complexity="0" methods="0" coveredmethods="0" conditionals="0" coveredconditionals="0" statements="0" coveredstatements="0" elements="0" coveredelements="0"/>
        </class>
        <metrics loc="12" ncloc="12" classes="0" methods="0" coveredmethods="0" conditionals="0" coveredconditionals="0" statements="0" coveredstatements="0" elements="0" coveredelements="0"/>
      </file>
      <file name="/home/runner/work/php-symfony-base/php-symfony-base/src/Param.php">
        <class name="App\Param" namespace="App">
          <metrics complexity="1" methods="1" coveredmethods="1" conditionals="1" coveredconditionals="1" statements="4" coveredstatements="4" elements="6" coveredelements="6"/>
        </class>
        <line num="24" type="method" name="__construct" visibility="public" complexity="1" crap="1" count="2"/>
        <line num="30" type="stmt" count="2"/>
        <line num="31" type="stmt" count="2"/>
        <line num="32" type="stmt" count="2"/>
        <line num="33" type="stmt" count="2"/>
        <metrics loc="36" ncloc="31" classes="1" methods="1" coveredmethods="1" conditionals="1" coveredconditionals="1" statements="4" coveredstatements="4" elements="6" coveredelements="6"/>
      </file>
      <file name="/home/runner/work/php-symfony-base/php-symfony-base/src/Parameter.php">
        <class name="App\Parameter" namespace="App">
          <metrics complexity="0" methods="0" coveredmethods="0" conditionals="0" coveredconditionals="0" statements="0" coveredstatements="0" elements="0" coveredelements="0"/>
        </class>
        <metrics loc="36" ncloc="31" classes="0" methods="0" coveredmethods="0" conditionals="0" coveredconditionals="0" statements="0" coveredstatements="0" elements="0" coveredelements="0"/>
      </file>
    </package>
    <package name="App\Controller\Admin">
      <file name="/home/runner/work/php-symfony-base/php-symfony-base/src/Controller/Admin/AdminController.php">
        <class name="App\Controller\Admin\AdminController" namespace="App\Controller\Admin">
          <metrics complexity="9" methods="3" coveredmethods="3" conditionals="14" coveredconditionals="14" statements="42" coveredstatements="42" elements="59" coveredelements="59"/>
        </class>
        <line num="19" type="method" name="index" visibility="public" complexity="3" crap="3" count="1"/>
        <line num="22" type="stmt" count="1"/>
        <line num="23" type="stmt" count="1"/>
        <line num="24" type="stmt" count="1"/>
        <line num="25" type="stmt" count="1"/>
        <line num="26" type="stmt" count="1"/>
        <line num="27" type="stmt" count="1"/>
        <line num="31" type="stmt" count="1"/>
        <line num="32" type="stmt" count="1"/>
        <line num="33" type="stmt" count="1"/>
        <line num="34" type="stmt" count="1"/>
        <line num="35" type="stmt" count="1"/>
        <line num="36" type="stmt" count="1"/>
        <line num="37" type="stmt" count="1"/>
        <line num="38" type="stmt" count="1"/>
        <line num="39" type="stmt" count="1"/>
        <line num="40" type="stmt" count="1"/>
        <line num="46" type="method" name="log" visibility="public" complexity="5" crap="6.60" count="1"/>
        <line num="49" type="stmt" count="1"/>
        <line num="50" type="stmt" count="1"/>
        <line num="51" type="stmt" count="1"/>
        <line num="52" type="stmt" count="1"/>
        <line num="53" type="stmt" count="1"/>
        <line num="54" type="stmt" count="1"/>
        <line num="55" type="stmt" count="1"/>
        <line num="56" type="stmt" count="1"/>
        <line num="57" type="stmt" count="1"/>
        <line num="58" type="stmt" count="1"/>
        <line num="59" type="stmt" count="1"/>
        <line num="60" type="stmt" count="1"/>
        <line num="61" type="stmt" count="1"/>
        <line num="63" type="stmt" count="1"/>
        <line num="67" type="stmt" count="1"/>
        <line num="69" type="stmt" count="1"/>
        <line num="71" type="stmt" count="1"/>
        <line num="74" type="method" name="applicationInfo" visibility="public" complexity="1" crap="1" count="1"/>
        <line num="77" type="stmt" count="1"/>
        <line num="78" type="stmt" count="1"/>
        <line num="80" type="stmt" count="1"/>
        <line num="81" type="stmt" count="1"/>
        <line num="82" type="stmt" count="1"/>
        <line num="84" type="stmt" count="1"/>
        <line num="85" type="stmt" count="1"/>
        <line num="86" type="stmt" count="1"/>
        <line num="87" type="stmt" count="1"/>
        <metrics loc="90" ncloc="87" classes="1" methods="3" coveredmethods="3" conditionals="14" coveredconditionals="14" statements="42" coveredstatements="42" elements="59" coveredelements="59"/>
      </file>
      <file name="/home/runner/work/php-symfony-base/php-symfony-base/src/Controller/Admin/BaseAdminController.php">
        <class name="App\Controller\Admin\BaseAdminController" namespace="App\Controller\Admin">
          <metrics complexity="1" methods="1" coveredmethods="1" conditionals="1" coveredconditionals="1" statements="2" coveredstatements="2" elements="4" coveredelements="4"/>
        </class>
        <line num="11" type="method" name="__construct" visibility="public" complexity="1" crap="1" count="2"/>
        <line num="13" type="stmt" count="2"/>
        <line num="14" type="stmt" count="2"/>
        <metrics loc="17" ncloc="17" classes="1" methods="1" coveredmethods="1" conditionals="1" coveredconditionals="1" statements="2" coveredstatements="2" elements="4" coveredelements="4"/>
      </file>
      <file name="/home/runner/work/php-symfony-base/php-symfony-base/src/Controller/Admin/MailTestController.php">
        <class name="App\Controller\Admin\MailTestController" namespace="App\Controller\Admin">
          <metrics complexity="6" methods="2" coveredmethods="1" conditionals="11" coveredconditionals="8" statements="27" coveredstatements="21" elements="40" coveredelements="30"/>
        </class>
        <line num="23" type="method" name="buildForm" visibility="protected" complexity="1" crap="1" count="1"/>
        <line num="26" type="stmt" count="1"/>
        <line num="27" type="stmt" count="1"/>
        <line num="29" type="stmt" count="1"/>
        <line num="32" type="method" name="mailTest" visibility="public" complexity="5" crap="15.55" count="1"/>
        <line num="35" type="stmt" count="1"/>
        <line num="36" type="stmt" count="1"/>
        <line num="37" type="stmt" count="1"/>
        <line num="38" type="stmt" count="1"/>
        <line num="39" type="stmt" count="1"/>
        <line num="41" type="stmt" count="1"/>
        <line num="42" type="stmt" count="1"/>
        <line num="43" type="stmt" count="1"/>
        <line num="44" type="stmt" count="1"/>
        <line num="45" type="stmt" count="1"/>
        <line num="46" type="stmt" count="1"/>
        <line num="48" type="stmt" count="1"/>
        <line num="49" type="stmt" count="0"/>
        <line num="50" type="stmt" count="0"/>
        <line num="51" type="stmt" count="0"/>
        <line num="52" type="stmt" count="0"/>
        <line num="53" type="stmt" count="0"/>
        <line num="56" type="stmt" count="1"/>
        <line num="57" type="stmt" count="0"/>
        <line num="59" type="stmt" count="1"/>
        <line num="62" type="stmt" count="1"/>
        <line num="63" type="stmt" count="1"/>
        <line num="64" type="stmt" count="1"/>
        <line num="65" type="stmt" count="1"/>
        <metrics loc="68" ncloc="64" classes="1" methods="2" coveredmethods="1" conditionals="11" coveredconditionals="8" statements="27" coveredstatements="21" elements="40" coveredelements="30"/>
      </file>
      <file name="/home/runner/work/php-symfony-base/php-symfony-base/src/Controller/Admin/ParameterController.php">
        <class name="App\Controller\Admin\ParameterController" namespace="App\Controller\Admin">
          <metrics complexity="14" methods="3" coveredmethods="2" conditionals="25" coveredconditionals="24" statements="99" coveredstatements="98" elements="127" coveredelements="124"/>
        </class>
        <line num="26" type="method" name="buildForm" visibility="protected" complexity="4" crap="4" count="1"/>
        <line num="29" type="stmt" count="1"/>
        <line num="30" type="stmt" count="1"/>
        <line num="32" type="stmt" count="1"/>
        <line num="33" type="stmt" count="1"/>
        <line num="34" type="stmt" count="1"/>
        <line num="35" type="stmt" count="1"/>
        <line num="36" type="stmt" count="1"/>
        <line num="37" type="stmt" count="1"/>
        <line num="38" type="stmt" count="1"/>
        <line num="39" type="stmt" count="1"/>
        <line num="40" type="stmt" count="1"/>
        <line num="41" type="stmt" count="1"/>
        <line num="42" type="stmt" count="1"/>
        <line num="43" type="stmt" count="1"/>
        <line num="44" type="stmt" count="1"/>
        <line num="45" type="stmt" count="1"/>
        <line num="46" type="stmt" count="1"/>
        <line num="47" type="stmt" count="1"/>
        <line num="48" type="stmt" count="1"/>
        <line num="49" type="stmt" count="1"/>
        <line num="50" type="stmt" count="1"/>
        <line num="51" type="stmt" count="1"/>
        <line num="52" type="stmt" count="1"/>
        <line num="53" type="stmt" count="1"/>
        <line num="54" type="stmt" count="1"/>
        <line num="55" type="stmt" count="1"/>
        <line num="56" type="stmt" count="1"/>
        <line num="58" type="stmt" count="1"/>
        <line num="60" type="stmt" count="1"/>
        <line num="61" type="stmt" count="1"/>
        <line num="62" type="stmt" count="1"/>
        <line num="63" type="stmt" count="1"/>
        <line num="64" type="stmt" count="1"/>
        <line num="65" type="stmt" count="1"/>
        <line num="68" type="stmt" count="1"/>
        <line num="71" type="method" name="index" visibility="public" complexity="1" crap="1" count="1"/>
        <line num="75" type="stmt" count="1"/>
        <line num="76" type="stmt" count="1"/>
        <line num="77" type="stmt" count="1"/>
        <line num="79" type="stmt" count="1"/>
        <line num="80" type="stmt" count="1"/>
        <line num="81" type="stmt" count="1"/>
        <line num="82" type="stmt" count="1"/>
        <line num="83" type="stmt" count="1"/>
        <line num="84" type="stmt" count="1"/>
        <line num="85" type="stmt" count="1"/>
        <line num="88" type="method" name="edit" visibility="public" complexity="9" crap="75.95" count="2"/>
        <line num="96" type="stmt" count="2"/>
        <line num="97" type="stmt" count="2"/>
        <line num="98" type="stmt" count="2"/>
        <line num="99" type="stmt" count="0"/>
        <line num="101" type="stmt" count="2"/>
        <line num="102" type="stmt" count="2"/>
        <line num="103" type="stmt" count="2"/>
        <line num="104" type="stmt" count="2"/>
        <line num="106" type="stmt" count="2"/>
        <line num="107" type="stmt" count="2"/>
        <line num="108" type="stmt" count="2"/>
        <line num="109" type="stmt" count="2"/>
        <line num="110" type="stmt" count="2"/>
        <line num="112" type="stmt" count="2"/>
        <line num="113" type="stmt" count="1"/>
        <line num="114" type="stmt" count="1"/>
        <line num="116" type="stmt" count="1"/>
        <line num="117" type="stmt" count="1"/>
        <line num="118" type="stmt" count="1"/>
        <line num="119" type="stmt" count="1"/>
        <line num="121" type="stmt" count="1"/>
        <line num="122" type="stmt" count="1"/>
        <line num="123" type="stmt" count="1"/>
        <line num="124" type="stmt" count="1"/>
        <line num="125" type="stmt" count="1"/>
        <line num="126" type="stmt" count="1"/>
        <line num="127" type="stmt" count="1"/>
        <line num="128" type="stmt" count="1"/>
        <line num="129" type="stmt" count="1"/>
        <line num="130" type="stmt" count="1"/>
        <line num="132" type="stmt" count="1"/>
        <line num="133" type="stmt" count="1"/>
        <line num="134" type="stmt" count="1"/>
        <line num="135" type="stmt" count="1"/>
        <line num="136" type="stmt" count="1"/>
        <line num="137" type="stmt" count="1"/>
        <line num="138" type="stmt" count="1"/>
        <line num="139" type="stmt" count="1"/>
        <line num="140" type="stmt" count="1"/>
        <line num="142" type="stmt" count="1"/>
        <line num="143" type="stmt" count="1"/>
        <line num="144" type="stmt" count="1"/>
        <line num="145" type="stmt" count="1"/>
        <line num="148" type="stmt" count="1"/>
        <line num="149" type="stmt" count="1"/>
        <line num="152" type="stmt" count="1"/>
        <line num="153" type="stmt" count="1"/>
        <line num="154" type="stmt" count="1"/>
        <line num="155" type="stmt" count="1"/>
        <line num="156" type="stmt" count="1"/>
        <line num="157" type="stmt" count="1"/>
        <line num="158" type="stmt" count="1"/>
        <line num="159" type="stmt" count="1"/>
        <line num="160" type="stmt" count="1"/>
        <metrics loc="163" ncloc="156" classes="1" methods="3" coveredmethods="2" conditionals="25" coveredconditionals="24" statements="99" coveredstatements="98" elements="127" coveredelements="124"/>
      </file>
    </package>
    <package name="App\Controller">
      <file name="/home/runner/work/php-symfony-base/php-symfony-base/src/Controller/BaseController.php">
        <class name="App\Controller\BaseController" namespace="App\Controller">
          <metrics complexity="5" methods="5" coveredmethods="5" conditionals="5" coveredconditionals="5" statements="6" coveredstatements="6" elements="16" coveredelements="16"/>
        </class>
        <line num="15" type="method" name="__construct" visibility="public" complexity="1" crap="1" count="3"/>
        <line num="17" type="stmt" count="3"/>
        <line num="18" type="stmt" count="3"/>
        <line num="26" type="method" name="logDebug" visibility="public" complexity="1" crap="1" count="3"/>
        <line num="28" type="stmt" count="3"/>
        <line num="36" type="method" name="logInfo" visibility="public" complexity="1" crap="1" count="1"/>
        <line num="38" type="stmt" count="1"/>
        <line num="46" type="method" name="logError" visibility="public" complexity="1" crap="1" count="1"/>
        <line num="48" type="stmt" count="1"/>
        <line num="56" type="method" name="logWarning" visibility="public" complexity="1" crap="1" count="1"/>
        <line num="58" type="stmt" count="1"/>
        <metrics loc="61" ncloc="41" classes="1" methods="5" coveredmethods="5" conditionals="5" coveredconditionals="5" statements="6" coveredstatements="6" elements="16" coveredelements="16"/>
      </file>
      <file name="/home/runner/work/php-symfony-base/php-symfony-base/src/Controller/BaseFrontController.php">
        <class name="App\Controller\BaseFrontController" namespace="App\Controller">
          <metrics complexity="1" methods="1" coveredmethods="1" conditionals="1" coveredconditionals="1" statements="1" coveredstatements="1" elements="3" coveredelements="3"/>
        </class>
        <line num="14" type="method" name="__construct" visibility="public" complexity="1" crap="1" count="3"/>
        <line num="16" type="stmt" count="3"/>
        <metrics loc="19" ncloc="19" classes="1" methods="1" coveredmethods="1" conditionals="1" coveredconditionals="1" statements="1" coveredstatements="1" elements="3" coveredelements="3"/>
      </file>
      <file name="/home/runner/work/php-symfony-base/php-symfony-base/src/Controller/DefaultController.php">
        <class name="App\Controller\DefaultController" namespace="App\Controller">
          <metrics complexity="7" methods="5" coveredmethods="5" conditionals="10" coveredconditionals="10" statements="20" coveredstatements="20" elements="35" coveredelements="35"/>
        </class>
        <line num="14" type="method" name="index" visibility="public" complexity="1" crap="1" count="3"/>
        <line num="17" type="stmt" count="3"/>
        <line num="18" type="stmt" count="3"/>
        <line num="20" type="stmt" count="3"/>
        <line num="21" type="stmt" count="3"/>
        <line num="22" type="stmt" count="3"/>
        <line num="25" type="method" name="info" visibility="public" complexity="3" crap="3" count="1"/>
        <line num="28" type="stmt" count="1"/>
        <line num="29" type="stmt" count="1"/>
        <line num="30" type="stmt" count="1"/>
        <line num="31" type="stmt" count="1"/>
        <line num="32" type="stmt" count="1"/>
        <line num="36" type="stmt" count="1"/>
        <line num="37" type="stmt" count="1"/>
        <line num="38" type="stmt" count="1"/>
        <line num="41" type="method" name="todo" visibility="public" complexity="1" crap="1" count="1"/>
        <line num="44" type="stmt" count="1"/>
        <line num="46" type="stmt" count="1"/>
        <line num="49" type="method" name="editor" visibility="public" complexity="1" crap="1" count="1"/>
        <line num="52" type="stmt" count="1"/>
        <line num="53" type="stmt" count="1"/>
        <line num="55" type="stmt" count="1"/>
        <line num="63" type="method" name="e500" visibility="public" complexity="1" crap="1" count="1"/>
        <line num="66" type="stmt" count="1"/>
        <line num="67" type="stmt" count="1"/>
        <metrics loc="70" ncloc="65" classes="1" methods="5" coveredmethods="5" conditionals="10" coveredconditionals="10" statements="20" coveredstatements="20" elements="35" coveredelements="35"/>
      </file>
    </package>
    <package name="App\Entity">
      <file name="/home/runner/work/php-symfony-base/php-symfony-base/src/Entity/MailTest.php">
        <class name="App\Entity\MailTest" namespace="App\Entity">
          <metrics complexity="2" methods="2" coveredmethods="2" conditionals="2" coveredconditionals="2" statements="2" coveredstatements="2" elements="6" coveredelements="6"/>
        </class>
        <line num="9" type="method" name="getAdresse" visibility="public" complexity="1" crap="1" count="1"/>
        <line num="11" type="stmt" count="1"/>
        <line num="14" type="method" name="setAdresse" visibility="public" complexity="1" crap="1" count="1"/>
        <line num="16" type="stmt" count="1"/>
        <metrics loc="19" ncloc="19" classes="1" methods="2" coveredmethods="2" conditionals="2" coveredconditionals="2" statements="2" coveredstatements="2" elements="6" coveredelements="6"/>
      </file>
      <file name="/home/runner/work/php-symfony-base/php-symfony-base/src/Entity/Parameter.php">
        <class name="App\Entity\Parameter" namespace="App\Entity">
          <metrics complexity="5" methods="5" coveredmethods="4" conditionals="5" coveredconditionals="4" statements="7" coveredstatements="6" elements="17" coveredelements="14"/>
        </class>
        <line num="27" type="method" name="getId" visibility="public" complexity="1" crap="2" count="0"/>
        <line num="29" type="stmt" count="0"/>
        <line num="32" type="method" name="getName" visibility="public" complexity="1" crap="1" count="2"/>
        <line num="34" type="stmt" count="2"/>
        <line num="37" type="method" name="setName" visibility="public" complexity="1" crap="1" count="2"/>
        <line num="39" type="stmt" count="2"/>
        <line num="41" type="stmt" count="2"/>
        <line num="44" type="method" name="getValue" visibility="public" complexity="1" crap="1" count="2"/>
        <line num="46" type="stmt" count="2"/>
        <line num="49" type="method" name="setValue" visibility="public" complexity="1" crap="1" count="2"/>
        <line num="51" type="stmt" count="2"/>
        <line num="53" type="stmt" count="2"/>
        <metrics loc="56" ncloc="56" classes="1" methods="5" coveredmethods="4" conditionals="5" coveredconditionals="4" statements="7" coveredstatements="6" elements="17" coveredelements="14"/>
      </file>
    </package>
    <package name="App\Listener">
      <file name="/home/runner/work/php-symfony-base/php-symfony-base/src/Listener/ExceptionListener.php">
        <class name="App\Listener\ExceptionListener" namespace="App\Listener">
          <metrics complexity="8" methods="2" coveredmethods="2" conditionals="15" coveredconditionals="1" statements="35" coveredstatements="35" elements="52" coveredelements="38"/>
        </class>
        <line num="21" type="method" name="__construct" visibility="public" complexity="1" crap="1" count="3"/>
        <line num="23" type="stmt" count="3"/>
        <line num="24" type="stmt" count="3"/>
        <line num="25" type="stmt" count="3"/>
        <line num="28" type="method" name="onKernelException" visibility="public" complexity="7" crap="7" count="3"/>
        <line num="32" type="stmt" count="3"/>
        <line num="33" type="stmt" count="3"/>
        <line num="35" type="stmt" count="3"/>
        <line num="36" type="stmt" count="1"/>
        <line num="37" type="stmt" count="1"/>
        <line num="38" type="stmt" count="1"/>
        <line num="39" type="stmt" count="3"/>
        <line num="40" type="stmt" count="1"/>
        <line num="41" type="stmt" count="1"/>
        <line num="42" type="stmt" count="1"/>
        <line num="43" type="stmt" count="3"/>
        <line num="44" type="stmt" count="1"/>
        <line num="45" type="stmt" count="1"/>
        <line num="46" type="stmt" count="1"/>
        <line num="47" type="stmt" count="1"/>
        <line num="48" type="stmt" count="1"/>
        <line num="49" type="stmt" count="1"/>
        <line num="50" type="stmt" count="1"/>
        <line num="51" type="stmt" count="1"/>
        <line num="52" type="stmt" count="1"/>
        <line num="53" type="stmt" count="1"/>
        <line num="55" type="stmt" count="2"/>
        <line num="56" type="stmt" count="2"/>
        <line num="57" type="stmt" count="2"/>
        <line num="58" type="stmt" count="2"/>
        <line num="59" type="stmt" count="2"/>
        <line num="60" type="stmt" count="2"/>
        <line num="61" type="stmt" count="2"/>
        <line num="62" type="stmt" count="2"/>
        <line num="63" type="stmt" count="2"/>
        <line num="64" type="stmt" count="2"/>
        <line num="66" type="stmt" count="3"/>
        <metrics loc="70" ncloc="70" classes="1" methods="2" coveredmethods="2" conditionals="15" coveredconditionals="1" statements="35" coveredstatements="35" elements="52" coveredelements="38"/>
      </file>
      <file name="/home/runner/work/php-symfony-base/php-symfony-base/src/Listener/KernelRequestListener.php">
        <class name="App\Listener\KernelRequestListener" namespace="App\Listener">
          <metrics complexity="5" methods="2" coveredmethods="2" conditionals="8" coveredconditionals="1" statements="9" coveredstatements="9" elements="19" coveredelements="12"/>
        </class>
        <line num="27" type="method" name="__construct" visibility="public" complexity="1" crap="1" count="3"/>
        <line num="33" type="stmt" count="3"/>
        <line num="34" type="stmt" count="3"/>
        <line num="35" type="stmt" count="3"/>
        <line num="36" type="stmt" count="3"/>
        <line num="39" type="method" name="onKernelRequest" visibility="public" complexity="4" crap="4" count="3"/>
        <line num="42" type="stmt" count="3"/>
        <line num="45" type="stmt" count="3"/>
        <line num="46" type="stmt" count="3"/>
        <line num="47" type="stmt" count="3"/>
        <line num="49" type="stmt" count="1"/>
        <metrics loc="53" ncloc="51" classes="1" methods="2" coveredmethods="2" conditionals="8" coveredconditionals="1" statements="9" coveredstatements="9" elements="19" coveredelements="12"/>
      </file>
    </package>
    <package name="App\Logger">
      <file name="/home/runner/work/php-symfony-base/php-symfony-base/src/Logger/UserProcessor.php">
        <class name="App\Logger\UserProcessor" namespace="App\Logger">
          <metrics complexity="2" methods="2" coveredmethods="2" conditionals="2" coveredconditionals="2" statements="6" coveredstatements="6" elements="10" coveredelements="10"/>
        </class>
        <line num="19" type="method" name="__construct" visibility="public" complexity="1" crap="1" count="3"/>
        <line num="21" type="stmt" count="3"/>
        <line num="22" type="stmt" count="3"/>
        <line num="26" type="method" name="__invoke" visibility="public" complexity="1" crap="1" count="3"/>
        <line num="28" type="stmt" count="3"/>
        <line num="29" type="stmt" count="3"/>
        <line num="30" type="stmt" count="3"/>
        <line num="32" type="stmt" count="3"/>
        <metrics loc="35" ncloc="31" classes="1" methods="2" coveredmethods="2" conditionals="2" coveredconditionals="2" statements="6" coveredstatements="6" elements="10" coveredelements="10"/>
      </file>
    </package>
    <package name="App\Menu">
      <file name="/home/runner/work/php-symfony-base/php-symfony-base/src/Menu/Menu.php">
        <class name="App\Menu\Menu" namespace="App\Menu">
          <metrics complexity="7" methods="1" coveredmethods="0" conditionals="14" coveredconditionals="12" statements="34" coveredstatements="33" elements="49" coveredelements="45"/>
        </class>
        <line num="12" type="method" name="__construct" visibility="public" complexity="7" crap="51.55" count="3"/>
        <line num="14" type="stmt" count="3"/>
        <line num="16" type="stmt" count="3"/>
        <line num="18" type="stmt" count="3"/>
        <line num="19" type="stmt" count="3"/>
        <line num="20" type="stmt" count="3"/>
        <line num="21" type="stmt" count="3"/>
        <line num="22" type="stmt" count="3"/>
        <line num="23" type="stmt" count="3"/>
        <line num="24" type="stmt" count="3"/>
        <line num="25" type="stmt" count="3"/>
        <line num="26" type="stmt" count="3"/>
        <line num="27" type="stmt" count="0"/>
        <line num="29" type="stmt" count="3"/>
        <line num="30" type="stmt" count="3"/>
        <line num="31" type="stmt" count="3"/>
        <line num="32" type="stmt" count="3"/>
        <line num="33" type="stmt" count="3"/>
        <line num="34" type="stmt" count="3"/>
        <line num="35" type="stmt" count="3"/>
        <line num="36" type="stmt" count="3"/>
        <line num="37" type="stmt" count="3"/>
        <line num="38" type="stmt" count="3"/>
        <line num="39" type="stmt" count="3"/>
        <line num="40" type="stmt" count="3"/>
        <line num="42" type="stmt" count="3"/>
        <line num="43" type="stmt" count="3"/>
        <line num="44" type="stmt" count="3"/>
        <line num="46" type="stmt" count="3"/>
        <line num="47" type="stmt" count="3"/>
        <line num="49" type="stmt" count="3"/>
        <line num="50" type="stmt" count="3"/>
        <line num="51" type="stmt" count="3"/>
        <line num="52" type="stmt" count="3"/>
        <line num="53" type="stmt" count="3"/>
        <metrics loc="57" ncloc="56" classes="1" methods="1" coveredmethods="0" conditionals="14" coveredconditionals="12" statements="34" coveredstatements="33" elements="49" coveredelements="45"/>
      </file>
      <file name="/home/runner/work/php-symfony-base/php-symfony-base/src/Menu/MenuAdmin.php">
        <class name="App\Menu\MenuAdmin" namespace="App\Menu">
          <metrics complexity="13" methods="1" coveredmethods="0" conditionals="26" coveredconditionals="25" statements="69" coveredstatements="69" elements="96" coveredelements="94"/>
        </class>
        <line num="11" type="method" name="__construct" visibility="public" complexity="13" crap="181.88" count="2"/>
        <line num="13" type="stmt" count="2"/>
        <line num="14" type="stmt" count="2"/>
        <line num="15" type="stmt" count="2"/>
        <line num="16" type="stmt" count="2"/>
        <line num="17" type="stmt" count="2"/>
        <line num="18" type="stmt" count="2"/>
        <line num="19" type="stmt" count="2"/>
        <line num="21" type="stmt" count="2"/>
        <line num="22" type="stmt" count="2"/>
        <line num="23" type="stmt" count="2"/>
        <line num="24" type="stmt" count="2"/>
        <line num="25" type="stmt" count="2"/>
        <line num="27" type="stmt" count="2"/>
        <line num="28" type="stmt" count="2"/>
        <line num="29" type="stmt" count="2"/>
        <line num="30" type="stmt" count="2"/>
        <line num="31" type="stmt" count="2"/>
        <line num="34" type="stmt" count="2"/>
        <line num="35" type="stmt" count="2"/>
        <line num="37" type="stmt" count="2"/>
        <line num="38" type="stmt" count="2"/>
        <line num="41" type="stmt" count="2"/>
        <line num="42" type="stmt" count="2"/>
        <line num="43" type="stmt" count="2"/>
        <line num="44" type="stmt" count="2"/>
        <line num="45" type="stmt" count="2"/>
        <line num="46" type="stmt" count="2"/>
        <line num="48" type="stmt" count="2"/>
        <line num="49" type="stmt" count="2"/>
        <line num="50" type="stmt" count="2"/>
        <line num="51" type="stmt" count="2"/>
        <line num="52" type="stmt" count="2"/>
        <line num="53" type="stmt" count="2"/>
        <line num="54" type="stmt" count="2"/>
        <line num="55" type="stmt" count="2"/>
        <line num="56" type="stmt" count="2"/>
        <line num="57" type="stmt" count="2"/>
        <line num="59" type="stmt" count="2"/>
        <line num="60" type="stmt" count="2"/>
        <line num="61" type="stmt" count="2"/>
        <line num="62" type="stmt" count="2"/>
        <line num="63" type="stmt" count="2"/>
        <line num="64" type="stmt" count="2"/>
        <line num="65" type="stmt" count="2"/>
        <line num="66" type="stmt" count="2"/>
        <line num="67" type="stmt" count="2"/>
        <line num="68" type="stmt" count="2"/>
        <line num="69" type="stmt" count="2"/>
        <line num="70" type="stmt" count="2"/>
        <line num="71" type="stmt" count="2"/>
        <line num="72" type="stmt" count="2"/>
        <line num="73" type="stmt" count="2"/>
        <line num="74" type="stmt" count="2"/>
        <line num="75" type="stmt" count="2"/>
        <line num="76" type="stmt" count="2"/>
        <line num="77" type="stmt" count="2"/>
        <line num="78" type="stmt" count="2"/>
        <line num="79" type="stmt" count="2"/>
        <line num="80" type="stmt" count="2"/>
        <line num="82" type="stmt" count="2"/>
        <line num="83" type="stmt" count="2"/>
        <line num="84" type="stmt" count="2"/>
        <line num="86" type="stmt" count="2"/>
        <line num="87" type="stmt" count="2"/>
        <line num="89" type="stmt" count="2"/>
        <line num="90" type="stmt" count="2"/>
        <line num="91" type="stmt" count="2"/>
        <line num="92" type="stmt" count="2"/>
        <line num="93" type="stmt" count="2"/>
        <metrics loc="97" ncloc="97" classes="1" methods="1" coveredmethods="0" conditionals="26" coveredconditionals="25" statements="69" coveredstatements="69" elements="96" coveredelements="94"/>
      </file>
      <file name="/home/runner/work/php-symfony-base/php-symfony-base/src/Menu/MenuBase.php">
        <class name="App\Menu\MenuBase" namespace="App\Menu">
          <metrics complexity="1" methods="1" coveredmethods="1" conditionals="1" coveredconditionals="1" statements="1" coveredstatements="1" elements="3" coveredelements="3"/>
        </class>
        <line num="9" type="method" name="__construct" visibility="public" complexity="1" crap="1" count="3"/>
        <line num="11" type="stmt" count="3"/>
        <metrics loc="14" ncloc="14" classes="1" methods="1" coveredmethods="1" conditionals="1" coveredconditionals="1" statements="1" coveredstatements="1" elements="3" coveredelements="3"/>
      </file>
      <file name="/home/runner/work/php-symfony-base/php-symfony-base/src/Menu/MenuItem.php">
        <class name="App\Menu\MenuItem" namespace="App\Menu">
          <metrics complexity="2" methods="1" coveredmethods="1" conditionals="1" coveredconditionals="1" statements="6" coveredstatements="6" elements="8" coveredelements="8"/>
        </class>
        <line num="34" type="method" name="__construct" visibility="public" complexity="2" crap="2" count="3"/>
        <line num="42" type="stmt" count="3"/>
        <line num="43" type="stmt" count="3"/>
        <line num="44" type="stmt" count="3"/>
        <line num="45" type="stmt" count="3"/>
        <line num="46" type="stmt" count="3"/>
        <line num="47" type="stmt" count="3"/>
        <metrics loc="50" ncloc="31" classes="1" methods="1" coveredmethods="1" conditionals="1" coveredconditionals="1" statements="6" coveredstatements="6" elements="8" coveredelements="8"/>
      </file>
      <file name="/home/runner/work/php-symfony-base/php-symfony-base/src/Menu/MenuTwig.php">
        <class name="App\Menu\MenuTwig" namespace="App\Menu">
          <metrics complexity="20" methods="11" coveredmethods="6" conditionals="31" coveredconditionals="20" statements="36" coveredstatements="29" elements="78" coveredelements="55"/>
        </class>
        <line num="23" type="method" name="__construct" visibility="public" complexity="1" crap="1" count="3"/>
        <line num="26" type="stmt" count="3"/>
        <line num="27" type="stmt" count="3"/>
        <line num="28" type="stmt" count="3"/>
        <line num="31" type="method" name="getFunctions" visibility="public" complexity="1" crap="1" count="2"/>
        <line num="33" type="stmt" count="2"/>
        <line num="34" type="stmt" count="2"/>
        <line num="35" type="stmt" count="2"/>
        <line num="36" type="stmt" count="2"/>
        <line num="37" type="stmt" count="2"/>
        <line num="38" type="stmt" count="2"/>
        <line num="39" type="stmt" count="2"/>
        <line num="40" type="stmt" count="2"/>
        <line num="41" type="stmt" count="2"/>
        <line num="49" type="method" name="newItem" visibility="public" complexity="1" crap="2" count="0"/>
        <line num="57" type="stmt" count="0"/>
        <line num="60" type="method" name="addItem" visibility="public" complexity="3" crap="4.12" count="3"/>
        <line num="62" type="stmt" count="3"/>
        <line num="64" type="stmt" count="3"/>
        <line num="65" type="stmt" count="3"/>
        <line num="66" type="stmt" count="3"/>
        <line num="69" type="stmt" count="3"/>
        <line num="71" type="stmt" count="3"/>
        <line num="74" type="method" name="getItem" visibility="public" complexity="1" crap="2" count="0"/>
        <line num="76" type="stmt" count="0"/>
        <line num="79" type="method" name="getUrl" visibility="public" complexity="2" crap="2" count="3"/>
        <line num="81" type="stmt" count="3"/>
        <line num="82" type="stmt" count="3"/>
        <line num="86" type="stmt" count="3"/>
        <line num="89" type="method" name="isMenuItemActive" visibility="public" complexity="7" crap="38.56" count="3"/>
        <line num="91" type="stmt" count="3"/>
        <line num="92" type="stmt" count="3"/>
        <line num="93" type="stmt" count="3"/>
        <line num="95" type="stmt" count="3"/>
        <line num="96" type="stmt" count="3"/>
        <line num="97" type="stmt" count="0"/>
        <line num="98" type="stmt" count="0"/>
        <line num="99" type="stmt" count="0"/>
        <line num="104" type="stmt" count="3"/>
        <line num="107" type="method" name="isUrlMenuItemActive" visibility="public" complexity="1" crap="2" count="0"/>
        <line num="109" type="stmt" count="0"/>
        <line num="115" type="method" name="getMenuItems" visibility="public" complexity="1" crap="1" count="3"/>
        <line num="117" type="stmt" count="3"/>
        <line num="123" type="method" name="getMenuSubItems" visibility="public" complexity="1" crap="1" count="3"/>
        <line num="125" type="stmt" count="3"/>
        <line num="131" type="method" name="getMenuOptions" visibility="public" complexity="1" crap="2" count="0"/>
        <line num="133" type="stmt" count="0"/>
        <metrics loc="136" ncloc="117" classes="1" methods="11" coveredmethods="6" conditionals="31" coveredconditionals="20" statements="36" coveredstatements="29" elements="78" coveredelements="55"/>
      </file>
    </package>
    <package name="App\Repository">
      <file name="/home/runner/work/php-symfony-base/php-symfony-base/src/Repository/ParameterRepository.php">
        <class name="App\Repository\ParameterRepository" namespace="App\Repository">
          <metrics complexity="1" methods="1" coveredmethods="1" conditionals="1" coveredconditionals="1" statements="1" coveredstatements="1" elements="3" coveredelements="3"/>
        </class>
        <line num="14" type="method" name="__construct" visibility="public" complexity="1" crap="1" count="1"/>
        <line num="16" type="stmt" count="1"/>
        <metrics loc="19" ncloc="16" classes="1" methods="1" coveredmethods="1" conditionals="1" coveredconditionals="1" statements="1" coveredstatements="1" elements="3" coveredelements="3"/>
      </file>
    </package>
    <package name="App\Security">
      <file name="/home/runner/work/php-symfony-base/php-symfony-base/src/Security/Action.php">
        <class name="App\Security\Action" namespace="App\Security">
          <metrics complexity="1" methods="1" coveredmethods="1" conditionals="1" coveredconditionals="1" statements="2" coveredstatements="2" elements="4" coveredelements="4"/>
        </class>
        <line num="31" type="method" name="getActions" visibility="public" complexity="1" crap="1" count="3"/>
        <line num="33" type="stmt" count="3"/>
        <line num="35" type="stmt" count="3"/>
        <metrics loc="38" ncloc="25" classes="1" methods="1" coveredmethods="1" conditionals="1" coveredconditionals="1" statements="2" coveredstatements="2" elements="4" coveredelements="4"/>
      </file>
      <file name="/home/runner/work/php-symfony-base/php-symfony-base/src/Security/ActionVoter.php">
        <class name="App\Security\ActionVoter" namespace="App\Security">
          <metrics complexity="6" methods="3" coveredmethods="2" conditionals="10" coveredconditionals="9" statements="10" coveredstatements="9" elements="23" coveredelements="20"/>
        </class>
        <line num="28" type="method" name="__construct" visibility="public" complexity="1" crap="1" count="3"/>
        <line num="30" type="stmt" count="3"/>
        <line num="36" type="method" name="supports" visibility="protected" complexity="1" crap="1" count="3"/>
        <line num="38" type="stmt" count="3"/>
        <line num="44" type="method" name="voteOnAttribute" visibility="protected" complexity="4" crap="7.46" count="3"/>
        <line num="46" type="stmt" count="3"/>
        <line num="49" type="stmt" count="3"/>
        <line num="50" type="stmt" count="0"/>
        <line num="52" type="stmt" count="3"/>
        <line num="53" type="stmt" count="3"/>
        <line num="54" type="stmt" count="3"/>
        <line num="55" type="stmt" count="3"/>
        <line num="59" type="stmt" count="1"/>
        <metrics loc="62" ncloc="49" classes="1" methods="3" coveredmethods="2" conditionals="10" coveredconditionals="9" statements="10" coveredstatements="9" elements="23" coveredelements="20"/>
      </file>
      <file name="/home/runner/work/php-symfony-base/php-symfony-base/src/Security/EnvAuthenticator.php">
        <class name="App\Security\EnvAuthenticator" namespace="App\Security">
          <metrics complexity="9" methods="6" coveredmethods="3" conditionals="12" coveredconditionals="9" statements="31" coveredstatements="25" elements="49" coveredelements="37"/>
        </class>
        <line num="35" type="method" name="__construct" visibility="public" complexity="1" crap="1" count="3"/>
        <line num="37" type="stmt" count="3"/>
        <line num="40" type="method" name="getLoginEnvVar" visibility="protected" complexity="2" crap="2.50" count="3"/>
        <line num="42" type="stmt" count="3"/>
        <line num="43" type="stmt" count="3"/>
        <line num="44" type="stmt" count="3"/>
        <line num="47" type="stmt" count="0"/>
        <line num="50" type="method" name="supports" visibility="public" complexity="2" crap="2.50" count="3"/>
        <line num="52" type="stmt" count="3"/>
        <line num="53" type="stmt" count="3"/>
        <line num="56" type="method" name="authenticate" visibility="public" complexity="2" crap="2.50" count="3"/>
        <line num="58" type="stmt" count="3"/>
        <line num="59" type="stmt" count="3"/>
        <line num="62" type="stmt" count="0"/>
        <line num="65" type="stmt" count="3"/>
        <line num="66" type="stmt" count="3"/>
        <line num="67" type="stmt" count="3"/>
        <line num="69" type="stmt" count="3"/>
        <line num="71" type="stmt" count="3"/>
        <line num="72" type="stmt" count="3"/>
        <line num="73" type="stmt" count="3"/>
        <line num="74" type="stmt" count="3"/>
        <line num="75" type="stmt" count="3"/>
        <line num="76" type="stmt" count="3"/>
        <line num="77" type="stmt" count="3"/>
        <line num="78" type="stmt" count="3"/>
        <line num="79" type="stmt" count="3"/>
        <line num="81" type="stmt" count="3"/>
        <line num="82" type="stmt" count="3"/>
        <line num="83" type="stmt" count="3"/>
        <line num="86" type="method" name="onAuthenticationSuccess" visibility="public" complexity="1" crap="1" count="3"/>
        <line num="89" type="stmt" count="3"/>
        <line num="92" type="method" name="onAuthenticationFailure" visibility="public" complexity="1" crap="2" count="0"/>
        <line num="94" type="stmt" count="0"/>
        <line num="96" type="stmt" count="0"/>
        <line num="97" type="stmt" count="0"/>
        <line num="99" type="stmt" count="0"/>
        <metrics loc="102" ncloc="81" classes="1" methods="6" coveredmethods="3" conditionals="12" coveredconditionals="9" statements="31" coveredstatements="25" elements="49" coveredelements="37"/>
      </file>
      <file name="/home/runner/work/php-symfony-base/php-symfony-base/src/Security/EventsListener.php">
        <class name="App\Security\EventsListener" namespace="App\Security">
          <metrics complexity="12" methods="5" coveredmethods="4" conditionals="22" coveredconditionals="1" statements="53" coveredstatements="51" elements="80" coveredelements="56"/>
        </class>
        <line num="18" type="method" name="__construct" visibility="public" complexity="1" crap="1" count="3"/>
        <line num="20" type="stmt" count="3"/>
        <line num="21" type="stmt" count="3"/>
        <line num="24" type="method" name="responseEvent" visibility="public" complexity="3" crap="3" count="3"/>
        <line num="28" type="stmt" count="3"/>
        <line num="29" type="stmt" count="3"/>
        <line num="30" type="stmt" count="1"/>
        <line num="31" type="stmt" count="1"/>
        <line num="32" type="stmt" count="1"/>
        <line num="33" type="stmt" count="1"/>
        <line num="34" type="stmt" count="1"/>
        <line num="35" type="stmt" count="1"/>
        <line num="36" type="stmt" count="1"/>
        <line num="37" type="stmt" count="1"/>
        <line num="38" type="stmt" count="1"/>
        <line num="39" type="stmt" count="1"/>
        <line num="40" type="stmt" count="1"/>
        <line num="41" type="stmt" count="1"/>
        <line num="42" type="stmt" count="1"/>
        <line num="44" type="stmt" count="3"/>
        <line num="45" type="stmt" count="3"/>
        <line num="46" type="stmt" count="3"/>
        <line num="47" type="stmt" count="3"/>
        <line num="48" type="stmt" count="3"/>
        <line num="49" type="stmt" count="3"/>
        <line num="50" type="stmt" count="3"/>
        <line num="51" type="stmt" count="3"/>
        <line num="52" type="stmt" count="3"/>
        <line num="53" type="stmt" count="3"/>
        <line num="54" type="stmt" count="3"/>
        <line num="55" type="stmt" count="3"/>
        <line num="56" type="stmt" count="3"/>
        <line num="58" type="stmt" count="3"/>
        <line num="59" type="stmt" count="3"/>
        <line num="60" type="stmt" count="3"/>
        <line num="62" type="stmt" count="1"/>
        <line num="64" type="stmt" count="3"/>
        <line num="65" type="stmt" count="3"/>
        <line num="66" type="stmt" count="3"/>
        <line num="67" type="stmt" count="3"/>
        <line num="70" type="method" name="loginSuccessEvent" visibility="public" complexity="3" crap="3" count="3"/>
        <line num="73" type="stmt" count="3"/>
        <line num="75" type="stmt" count="3"/>
        <line num="76" type="stmt" count="3"/>
        <line num="80" type="method" name="loginFailureEvent" visibility="public" complexity="2" crap="6" count="0"/>
        <line num="84" type="stmt" count="0"/>
        <line num="85" type="stmt" count="0"/>
        <line num="88" type="method" name="checkPassportEvent" visibility="public" complexity="3" crap="3" count="3"/>
        <line num="95" type="stmt" count="3"/>
        <line num="97" type="stmt" count="3"/>
        <line num="98" type="stmt" count="3"/>
        <line num="99" type="stmt" count="3"/>
        <line num="100" type="stmt" count="3"/>
        <line num="101" type="stmt" count="3"/>
        <line num="102" type="stmt" count="3"/>
        <line num="103" type="stmt" count="3"/>
        <line num="104" type="stmt" count="3"/>
        <line num="107" type="stmt" count="3"/>
        <metrics loc="110" ncloc="101" classes="1" methods="5" coveredmethods="4" conditionals="22" coveredconditionals="1" statements="53" coveredstatements="51" elements="80" coveredelements="56"/>
      </file>
      <file name="/home/runner/work/php-symfony-base/php-symfony-base/src/Security/Role.php">
        <class name="App\Security\Role" namespace="App\Security">
          <metrics complexity="1" methods="1" coveredmethods="1" conditionals="1" coveredconditionals="1" statements="2" coveredstatements="2" elements="4" coveredelements="4"/>
        </class>
        <line num="21" type="method" name="getRoles" visibility="public" complexity="1" crap="1" count="1"/>
        <line num="23" type="stmt" count="1"/>
        <line num="25" type="stmt" count="1"/>
        <metrics loc="28" ncloc="21" classes="1" methods="1" coveredmethods="1" conditionals="1" coveredconditionals="1" statements="2" coveredstatements="2" elements="4" coveredelements="4"/>
      </file>
      <file name="/home/runner/work/php-symfony-base/php-symfony-base/src/Security/User.php">
        <class name="App\Security\User" namespace="App\Security">
          <metrics complexity="15" methods="14" coveredmethods="12" conditionals="17" coveredconditionals="15" statements="18" coveredstatements="15" elements="49" coveredelements="42"/>
        </class>
        <line num="32" type="method" name="setSamlAttributes" visibility="public" complexity="1" crap="2" count="0"/>
        <line num="34" type="stmt" count="0"/>
        <line num="35" type="stmt" count="0"/>
        <line num="36" type="stmt" count="0"/>
        <line num="42" type="method" name="setEnvAttributes" visibility="public" complexity="1" crap="1" count="3"/>
        <line num="44" type="stmt" count="3"/>
        <line num="45" type="stmt" count="3"/>
        <line num="46" type="stmt" count="3"/>
        <line num="49" type="method" name="getUserIdentifier" visibility="public" complexity="2" crap="2.50" count="3"/>
        <line num="51" type="stmt" count="3"/>
        <line num="57" type="method" name="getGinaRoles" visibility="public" complexity="1" crap="1" count="3"/>
        <line num="59" type="stmt" count="3"/>
        <line num="62" type="method" name="getName" visibility="public" complexity="1" crap="1" count="1"/>
        <line num="64" type="stmt" count="1"/>
        <line num="67" type="method" name="getFirstName" visibility="public" complexity="1" crap="1" count="1"/>
        <line num="69" type="stmt" count="1"/>
        <line num="72" type="method" name="getFullName" visibility="public" complexity="1" crap="1" count="3"/>
        <line num="74" type="stmt" count="3"/>
        <line num="77" type="method" name="getEmail" visibility="public" complexity="1" crap="1" count="1"/>
        <line num="79" type="stmt" count="1"/>
        <line num="85" type="method" name="getAttributes" visibility="public" complexity="1" crap="1" count="3"/>
        <line num="87" type="stmt" count="3"/>
        <line num="90" type="method" name="getAuthentificationMethode" visibility="public" complexity="1" crap="1" count="1"/>
        <line num="92" type="stmt" count="1"/>
        <line num="95" type="method" name="hasLogout" visibility="public" complexity="1" crap="1" count="3"/>
        <line num="97" type="stmt" count="3"/>
        <line num="103" type="method" name="getRoles" visibility="public" complexity="1" crap="1" count="3"/>
        <line num="105" type="stmt" count="3"/>
        <line num="111" type="method" name="setRoles" visibility="public" complexity="1" crap="1" count="3"/>
        <line num="113" type="stmt" count="3"/>
        <line num="116" type="method" name="eraseCredentials" visibility="public" complexity="1" crap="1" count="3"/>
        <line num="119" type="stmt" count="3"/>
        <metrics loc="121" ncloc="97" classes="1" methods="14" coveredmethods="12" conditionals="17" coveredconditionals="15" statements="18" coveredstatements="15" elements="49" coveredelements="42"/>
      </file>
    </package>
    <package name="App\Service\ApplicationInfo">
      <file name="/home/runner/work/php-symfony-base/php-symfony-base/src/Service/ApplicationInfo/Lib.php">
        <class name="App\Service\ApplicationInfo\Lib" namespace="App\Service\ApplicationInfo">
          <metrics complexity="47" methods="9" coveredmethods="0" conditionals="99" coveredconditionals="60" statements="149" coveredstatements="104" elements="257" coveredelements="164"/>
        </class>
        <line num="21" type="method" name="__construct" visibility="public" complexity="3" crap="4.12" count="1"/>
        <line num="23" type="stmt" count="1"/>
        <line num="25" type="stmt" count="1"/>
        <line num="26" type="stmt" count="1"/>
        <line num="27" type="stmt" count="1"/>
        <line num="28" type="stmt" count="1"/>
        <line num="29" type="stmt" count="1"/>
        <line num="30" type="stmt" count="1"/>
        <line num="31" type="stmt" count="1"/>
        <line num="32" type="stmt" count="0"/>
        <line num="33" type="stmt" count="0"/>
        <line num="35" type="stmt" count="1"/>
        <line num="38" type="method" name="loadEnvVar" visibility="protected" complexity="5" crap="22.56" count="1"/>
        <line num="40" type="stmt" count="1"/>
        <line num="41" type="stmt" count="1"/>
        <line num="43" type="stmt" count="0"/>
        <line num="44" type="stmt" count="0"/>
        <line num="45" type="stmt" count="0"/>
        <line num="48" type="stmt" count="1"/>
        <line num="50" type="stmt" count="1"/>
        <line num="51" type="stmt" count="1"/>
        <line num="52" type="stmt" count="1"/>
        <line num="57" type="stmt" count="1"/>
        <line num="58" type="stmt" count="1"/>
        <line num="61" type="method" name="delTree" visibility="protected" complexity="6" crap="33.05" count="1"/>
        <line num="63" type="stmt" count="1"/>
        <line num="64" type="stmt" count="1"/>
        <line num="65" type="stmt" count="1"/>
        <line num="66" type="stmt" count="1"/>
        <line num="67" type="stmt" count="1"/>
        <line num="68" type="stmt" count="0"/>
        <line num="69" type="stmt" count="0"/>
        <line num="72" type="stmt" count="1"/>
        <line num="73" type="stmt" count="0"/>
        <line num="78" type="method" name="testVersion" visibility="public" complexity="3" crap="5.67" count="1"/>
        <line num="80" type="stmt" count="1"/>
        <line num="82" type="stmt" count="1"/>
        <line num="83" type="stmt" count="1"/>
        <line num="84" type="stmt" count="0"/>
        <line num="87" type="stmt" count="1"/>
        <line num="89" type="stmt" count="1"/>
        <line num="90" type="stmt" count="0"/>
        <line num="91" type="stmt" count="0"/>
        <line num="98" type="method" name="testExtensions" visibility="public" complexity="5" crap="25.60" count="1"/>
        <line num="100" type="stmt" count="1"/>
        <line num="102" type="stmt" count="1"/>
        <line num="104" type="stmt" count="1"/>
        <line num="105" type="stmt" count="1"/>
        <line num="106" type="stmt" count="1"/>
        <line num="107" type="stmt" count="0"/>
        <line num="110" type="stmt" count="1"/>
        <line num="111" type="stmt" count="0"/>
        <line num="112" type="stmt" count="0"/>
        <line num="113" type="stmt" count="0"/>
        <line num="114" type="stmt" count="0"/>
        <line num="117" type="stmt" count="1"/>
        <line num="121" type="method" name="envReport" visibility="public" complexity="8" crap="70.02" count="1"/>
        <line num="123" type="stmt" count="1"/>
        <line num="124" type="stmt" count="1"/>
        <line num="126" type="stmt" count="1"/>
        <line num="127" type="stmt" count="0"/>
        <line num="129" type="stmt" count="1"/>
        <line num="131" type="stmt" count="1"/>
        <line num="133" type="stmt" count="1"/>
        <line num="134" type="stmt" count="1"/>
        <line num="135" type="stmt" count="1"/>
        <line num="137" type="stmt" count="1"/>
        <line num="138" type="stmt" count="1"/>
        <line num="140" type="stmt" count="1"/>
        <line num="141" type="stmt" count="1"/>
        <line num="142" type="stmt" count="1"/>
        <line num="143" type="stmt" count="1"/>
        <line num="144" type="stmt" count="1"/>
        <line num="146" type="stmt" count="0"/>
        <line num="148" type="stmt" count="1"/>
        <line num="149" type="stmt" count="1"/>
        <line num="150" type="stmt" count="1"/>
        <line num="151" type="stmt" count="0"/>
        <line num="153" type="stmt" count="1"/>
        <line num="155" type="stmt" count="1"/>
        <line num="157" type="stmt" count="1"/>
        <line num="158" type="stmt" count="1"/>
        <line num="159" type="stmt" count="1"/>
        <line num="160" type="stmt" count="1"/>
        <line num="162" type="stmt" count="0"/>
        <line num="163" type="stmt" count="0"/>
        <line num="164" type="stmt" count="0"/>
        <line num="165" type="stmt" count="0"/>
        <line num="166" type="stmt" count="0"/>
        <line num="168" type="stmt" count="0"/>
        <line num="171" type="stmt" count="1"/>
        <line num="172" type="stmt" count="1"/>
        <line num="174" type="stmt" count="0"/>
        <line num="177" type="stmt" count="1"/>
        <line num="178" type="stmt" count="1"/>
        <line num="179" type="stmt" count="1"/>
        <line num="180" type="stmt" count="1"/>
        <line num="183" type="method" name="resetCache" visibility="public" complexity="4" crap="10.75" count="1"/>
        <line num="185" type="stmt" count="1"/>
        <line num="187" type="stmt" count="1"/>
        <line num="188" type="stmt" count="1"/>
        <line num="190" type="stmt" count="1"/>
        <line num="191" type="stmt" count="1"/>
        <line num="192" type="stmt" count="0"/>
        <line num="194" type="stmt" count="1"/>
        <line num="197" type="stmt" count="0"/>
        <line num="199" type="stmt" count="1"/>
        <line num="201" type="stmt" count="1"/>
        <line num="202" type="stmt" count="1"/>
        <line num="203" type="stmt" count="0"/>
        <line num="204" type="stmt" count="0"/>
        <line num="208" type="method" name="testDirectory" visibility="public" complexity="11" crap="129.51" count="1"/>
        <line num="210" type="stmt" count="1"/>
        <line num="211" type="stmt" count="1"/>
        <line num="213" type="stmt" count="1"/>
        <line num="214" type="stmt" count="0"/>
        <line num="216" type="stmt" count="1"/>
        <line num="217" type="stmt" count="0"/>
        <line num="218" type="stmt" count="0"/>
        <line num="220" type="stmt" count="1"/>
        <line num="221" type="stmt" count="1"/>
        <line num="222" type="stmt" count="1"/>
        <line num="223" type="stmt" count="1"/>
        <line num="224" type="stmt" count="1"/>
        <line num="225" type="stmt" count="1"/>
        <line num="226" type="stmt" count="1"/>
        <line num="227" type="stmt" count="1"/>
        <line num="228" type="stmt" count="1"/>
        <line num="229" type="stmt" count="1"/>
        <line num="230" type="stmt" count="1"/>
        <line num="232" type="stmt" count="0"/>
        <line num="233" type="stmt" count="0"/>
        <line num="234" type="stmt" count="0"/>
        <line num="237" type="stmt" count="0"/>
        <line num="240" type="stmt" count="0"/>
        <line num="244" type="stmt" count="1"/>
        <line num="245" type="stmt" count="1"/>
        <line num="246" type="stmt" count="0"/>
        <line num="249" type="stmt" count="1"/>
        <line num="250" type="stmt" count="0"/>
        <line num="251" type="stmt" count="0"/>
        <line num="253" type="stmt" count="1"/>
        <line num="254" type="stmt" count="0"/>
        <line num="255" type="stmt" count="0"/>
        <line num="259" type="method" name="testDB" visibility="public" complexity="2" crap="2.50" count="1"/>
        <line num="261" type="stmt" count="1"/>
        <line num="263" type="stmt" count="1"/>
        <line num="264" type="stmt" count="1"/>
        <line num="265" type="stmt" count="1"/>
        <line num="266" type="stmt" count="1"/>
        <line num="267" type="stmt" count="1"/>
        <line num="268" type="stmt" count="1"/>
        <line num="269" type="stmt" count="1"/>
        <line num="270" type="stmt" count="1"/>
        <line num="271" type="stmt" count="1"/>
        <line num="272" type="stmt" count="1"/>
        <line num="273" type="stmt" count="0"/>
        <line num="274" type="stmt" count="0"/>
        <metrics loc="280" ncloc="271" classes="1" methods="9" coveredmethods="0" conditionals="99" coveredconditionals="60" statements="149" coveredstatements="104" elements="257" coveredelements="164"/>
      </file>
      <file name="/home/runner/work/php-symfony-base/php-symfony-base/src/Service/ApplicationInfo/Php.php">
        <class name="App\Service\ApplicationInfo\Php" namespace="App\Service\ApplicationInfo">
          <metrics complexity="1" methods="1" coveredmethods="1" conditionals="1" coveredconditionals="1" statements="6" coveredstatements="6" elements="8" coveredelements="8"/>
        </class>
        <line num="36" type="method" name="execute" visibility="public" complexity="1" crap="1" count="1"/>
        <line num="38" type="stmt" count="1"/>
        <line num="39" type="stmt" count="1"/>
        <line num="40" type="stmt" count="1"/>
        <line num="41" type="stmt" count="1"/>
        <line num="42" type="stmt" count="1"/>
        <line num="43" type="stmt" count="1"/>
        <metrics loc="46" ncloc="43" classes="1" methods="1" coveredmethods="1" conditionals="1" coveredconditionals="1" statements="6" coveredstatements="6" elements="8" coveredelements="8"/>
      </file>
      <file name="/home/runner/work/php-symfony-base/php-symfony-base/src/Service/ApplicationInfo/SondePhp.php">
        <class name="App\Service\ApplicationInfo\SondePhp" namespace="App\Service\ApplicationInfo">
          <metrics complexity="1" methods="1" coveredmethods="1" conditionals="1" coveredconditionals="1" statements="1" coveredstatements="1" elements="3" coveredelements="3"/>
        </class>
        <line num="7" type="method" name="execute" visibility="public" complexity="1" crap="1" count="1"/>
        <line num="9" type="stmt" count="1"/>
        <metrics loc="12" ncloc="12" classes="1" methods="1" coveredmethods="1" conditionals="1" coveredconditionals="1" statements="1" coveredstatements="1" elements="3" coveredelements="3"/>
      </file>
      <file name="/home/runner/work/php-symfony-base/php-symfony-base/src/Service/ApplicationInfo/Symfony.php">
        <class name="App\Service\ApplicationInfo\Symfony" namespace="App\Service\ApplicationInfo">
          <metrics complexity="1" methods="1" coveredmethods="1" conditionals="1" coveredconditionals="1" statements="5" coveredstatements="5" elements="7" coveredelements="7"/>
        </class>
        <line num="7" type="method" name="execute" visibility="public" complexity="1" crap="1" count="1"/>
        <line num="9" type="stmt" count="1"/>
        <line num="10" type="stmt" count="1"/>
        <line num="11" type="stmt" count="1"/>
        <line num="12" type="stmt" count="1"/>
        <line num="13" type="stmt" count="1"/>
        <metrics loc="16" ncloc="16" classes="1" methods="1" coveredmethods="1" conditionals="1" coveredconditionals="1" statements="5" coveredstatements="5" elements="7" coveredelements="7"/>
      </file>
    </package>
    <file name="/home/runner/work/php-symfony-base/php-symfony-base/src/Service/ApplicationInfo/Output/InterfaceOutput.php">
      <metrics loc="25" ncloc="25" classes="0" methods="0" coveredmethods="0" conditionals="0" coveredconditionals="0" statements="0" coveredstatements="0" elements="0" coveredelements="0"/>
    </file>
    <package name="App\Service\ApplicationInfo\Output">
      <file name="/home/runner/work/php-symfony-base/php-symfony-base/src/Service/ApplicationInfo/Output/PhpOutput.php">
        <class name="App\Service\ApplicationInfo\Output\PhpOutput" namespace="App\Service\ApplicationInfo\Output">
          <metrics complexity="10" methods="9" coveredmethods="9" conditionals="10" coveredconditionals="10" statements="15" coveredstatements="15" elements="34" coveredelements="34"/>
        </class>
        <line num="7" type="method" name="output" visibility="public" complexity="1" crap="1" count="1"/>
        <line num="9" type="stmt" count="1"/>
        <line num="51" type="method" name="top" visibility="public" complexity="1" crap="1" count="1"/>
        <line num="53" type="stmt" count="1"/>
        <line num="54" type="stmt" count="1"/>
        <line num="60" type="stmt" count="1"/>
        <line num="63" type="stmt" count="1"/>
        <line num="64" type="stmt" count="1"/>
        <line num="67" type="method" name="bottom" visibility="public" complexity="1" crap="1" count="1"/>
        <line num="69" type="stmt" count="1"/>
        <line num="73" type="stmt" count="1"/>
        <line num="74" type="stmt" count="1"/>
        <line num="77" type="method" name="title" visibility="public" complexity="1" crap="1" count="1"/>
        <line num="79" type="stmt" count="1"/>
        <line num="82" type="method" name="line" visibility="public" complexity="1" crap="1" count="1"/>
        <line num="84" type="stmt" count="1"/>
        <line num="87" type="method" name="erreur" visibility="public" complexity="1" crap="1" count="1"/>
        <line num="89" type="stmt" count="1"/>
        <line num="92" type="method" name="ok" visibility="public" complexity="1" crap="1" count="1"/>
        <line num="94" type="stmt" count="1"/>
        <line num="97" type="method" name="ko" visibility="public" complexity="1" crap="1" count="1"/>
        <line num="99" type="stmt" count="1"/>
        <line num="102" type="method" name="filter" visibility="public" complexity="1" crap="1" count="1"/>
        <line num="104" type="stmt" count="1"/>
        <metrics loc="107" ncloc="107" classes="1" methods="9" coveredmethods="9" conditionals="10" coveredconditionals="10" statements="15" coveredstatements="15" elements="34" coveredelements="34"/>
      </file>
      <file name="/home/runner/work/php-symfony-base/php-symfony-base/src/Service/ApplicationInfo/Output/SondeOutput.php">
        <class name="App\Service\ApplicationInfo\Output\SondeOutput" namespace="App\Service\ApplicationInfo\Output">
          <metrics complexity="10" methods="9" coveredmethods="5" conditionals="12" coveredconditionals="8" statements="10" coveredstatements="6" elements="31" coveredelements="19"/>
        </class>
        <line num="9" type="method" name="top" visibility="public" complexity="1" crap="1" count="1"/>
        <line num="11" type="stmt" count="1"/>
        <line num="14" type="method" name="bottom" visibility="public" complexity="2" crap="2.50" count="1"/>
        <line num="16" type="stmt" count="1"/>
        <line num="19" type="method" name="erreur" visibility="public" complexity="1" crap="2" count="0"/>
        <line num="21" type="stmt" count="0"/>
        <line num="24" type="method" name="ko" visibility="public" complexity="1" crap="2" count="0"/>
        <line num="26" type="stmt" count="0"/>
        <line num="28" type="stmt" count="0"/>
        <line num="31" type="method" name="output" visibility="public" complexity="1" crap="2" count="0"/>
        <line num="34" type="stmt" count="0"/>
        <line num="36" type="method" name="title" visibility="public" complexity="1" crap="1" count="1"/>
        <line num="39" type="stmt" count="1"/>
        <line num="41" type="method" name="line" visibility="public" complexity="1" crap="1" count="1"/>
        <line num="44" type="stmt" count="1"/>
        <line num="46" type="method" name="ok" visibility="public" complexity="1" crap="1" count="1"/>
        <line num="48" type="stmt" count="1"/>
        <line num="51" type="method" name="filter" visibility="public" complexity="1" crap="1" count="1"/>
        <line num="53" type="stmt" count="1"/>
        <metrics loc="56" ncloc="53" classes="1" methods="9" coveredmethods="5" conditionals="12" coveredconditionals="8" statements="10" coveredstatements="6" elements="31" coveredelements="19"/>
      </file>
      <file name="/home/runner/work/php-symfony-base/php-symfony-base/src/Service/ApplicationInfo/Output/SymfonyOutput.php">
        <class name="App\Service\ApplicationInfo\Output\SymfonyOutput" namespace="App\Service\ApplicationInfo\Output">
          <metrics complexity="4" methods="4" coveredmethods="4" conditionals="4" coveredconditionals="4" statements="4" coveredstatements="4" elements="12" coveredelements="12"/>
        </class>
        <line num="9" type="method" name="top" visibility="public" complexity="1" crap="1" count="1"/>
        <line num="11" type="stmt" count="1"/>
        <line num="14" type="method" name="bottom" visibility="public" complexity="1" crap="1" count="1"/>
        <line num="16" type="stmt" count="1"/>
        <line num="19" type="method" name="output" visibility="public" complexity="1" crap="1" count="1"/>
        <line num="21" type="stmt" count="1"/>
        <line num="24" type="method" name="getHtml" visibility="public" complexity="1" crap="1" count="1"/>
        <line num="26" type="stmt" count="1"/>
        <metrics loc="29" ncloc="29" classes="1" methods="4" coveredmethods="4" conditionals="4" coveredconditionals="4" statements="4" coveredstatements="4" elements="12" coveredelements="12"/>
      </file>
    </package>
    <package name="App\Service">
      <file name="/home/runner/work/php-symfony-base/php-symfony-base/src/Service/Mail.php">
        <class name="App\Service\Mail" namespace="App\Service">
          <metrics complexity="7" methods="2" coveredmethods="1" conditionals="14" coveredconditionals="10" statements="30" coveredstatements="24" elements="46" coveredelements="35"/>
        </class>
        <line num="20" type="method" name="__construct" visibility="public" complexity="1" crap="1" count="1"/>
        <line num="26" type="stmt" count="1"/>
        <line num="27" type="stmt" count="1"/>
        <line num="28" type="stmt" count="1"/>
        <line num="29" type="stmt" count="1"/>
        <line num="43" type="method" name="sendMail" visibility="public" complexity="6" crap="36.01" count="1"/>
        <line num="46" type="stmt" count="1"/>
        <line num="47" type="stmt" count="1"/>
        <line num="48" type="stmt" count="1"/>
        <line num="49" type="stmt" count="1"/>
        <line num="51" type="stmt" count="1"/>
        <line num="52" type="stmt" count="1"/>
        <line num="53" type="stmt" count="1"/>
        <line num="54" type="stmt" count="1"/>
        <line num="55" type="stmt" count="1"/>
        <line num="56" type="stmt" count="1"/>
        <line num="57" type="stmt" count="1"/>
        <line num="59" type="stmt" count="1"/>
        <line num="60" type="stmt" count="1"/>
        <line num="61" type="stmt" count="1"/>
        <line num="62" type="stmt" count="1"/>
        <line num="64" type="stmt" count="1"/>
        <line num="65" type="stmt" count="1"/>
        <line num="66" type="stmt" count="1"/>
        <line num="67" type="stmt" count="1"/>
        <line num="69" type="stmt" count="1"/>
        <line num="70" type="stmt" count="0"/>
        <line num="71" type="stmt" count="0"/>
        <line num="72" type="stmt" count="0"/>
        <line num="73" type="stmt" count="0"/>
        <line num="74" type="stmt" count="0"/>
        <line num="75" type="stmt" count="0"/>
        <metrics loc="79" ncloc="67" classes="1" methods="2" coveredmethods="1" conditionals="14" coveredconditionals="10" statements="30" coveredstatements="24" elements="46" coveredelements="35"/>
      </file>
    </package>
    <package name="App\Twig">
      <file name="/home/runner/work/php-symfony-base/php-symfony-base/src/Twig/Extension.php">
        <class name="App\Twig\Extension" namespace="App\Twig">
          <metrics complexity="15" methods="13" coveredmethods="9" conditionals="17" coveredconditionals="12" statements="33" coveredstatements="28" elements="63" coveredelements="49"/>
        </class>
        <line num="18" type="method" name="__construct" visibility="public" complexity="1" crap="1" count="3"/>
        <line num="20" type="stmt" count="3"/>
        <line num="21" type="stmt" count="3"/>
        <line num="27" type="method" name="getFunctions" visibility="public" complexity="1" crap="1" count="2"/>
        <line num="29" type="stmt" count="2"/>
        <line num="30" type="stmt" count="2"/>
        <line num="31" type="stmt" count="2"/>
        <line num="32" type="stmt" count="2"/>
        <line num="33" type="stmt" count="2"/>
        <line num="34" type="stmt" count="2"/>
        <line num="35" type="stmt" count="2"/>
        <line num="36" type="stmt" count="2"/>
        <line num="37" type="stmt" count="2"/>
        <line num="38" type="stmt" count="2"/>
        <line num="39" type="stmt" count="2"/>
        <line num="40" type="stmt" count="2"/>
        <line num="41" type="stmt" count="2"/>
        <line num="47" type="method" name="getFilters" visibility="public" complexity="1" crap="1" count="2"/>
        <line num="49" type="stmt" count="2"/>
        <line num="50" type="stmt" count="2"/>
        <line num="51" type="stmt" count="2"/>
        <line num="52" type="stmt" count="2"/>
        <line num="58" type="method" name="formatDate" visibility="protected" complexity="3" crap="5.67" count="3"/>
        <line num="60" type="stmt" count="3"/>
        <line num="61" type="stmt" count="0"/>
        <line num="63" type="stmt" count="3"/>
        <line num="64" type="stmt" count="3"/>
        <line num="66" type="stmt" count="0"/>
        <line num="70" type="method" name="shortDate" visibility="public" complexity="1" crap="1" count="3"/>
        <line num="72" type="stmt" count="3"/>
        <line num="75" type="method" name="shortDateTime" visibility="public" complexity="1" crap="1" count="3"/>
        <line num="77" type="stmt" count="3"/>
        <line num="80" type="method" name="version" visibility="public" complexity="1" crap="1" count="1"/>
        <line num="82" type="stmt" count="1"/>
        <line num="85" type="method" name="serverType" visibility="public" complexity="1" crap="1" count="3"/>
        <line num="87" type="stmt" count="3"/>
        <line num="90" type="method" name="getParameter" visibility="public" complexity="1" crap="2" count="0"/>
        <line num="92" type="stmt" count="0"/>
        <line num="98" type="method" name="isModeMaintenance" visibility="public" complexity="1" crap="1" count="3"/>
        <line num="100" type="stmt" count="3"/>
        <line num="106" type="method" name="isPageInfo" visibility="public" complexity="1" crap="1" count="3"/>
        <line num="108" type="stmt" count="3"/>
        <line num="114" type="method" name="getPageInfo" visibility="public" complexity="1" crap="2" count="0"/>
        <line num="116" type="stmt" count="0"/>
        <line num="122" type="method" name="getPageInfoId" visibility="public" complexity="1" crap="2" count="0"/>
        <line num="124" type="stmt" count="0"/>
        <metrics loc="127" ncloc="106" classes="1" methods="13" coveredmethods="9" conditionals="17" coveredconditionals="12" statements="33" coveredstatements="28" elements="63" coveredelements="49"/>
      </file>
    </package>
    <metrics files="40" loc="2665" ncloc="2358" classes="36" methods="143" coveredmethods="106" conditionals="433" coveredconditionals="310" statements="829" coveredstatements="738" elements="1405" coveredelements="1154"/>
  </project>
</coverage>
