<?xml version="1.0" encoding="UTF-8"?>
<!DOCTYPE coverage SYSTEM "http://cobertura.sourceforge.net/xml/coverage-04.dtd">
<coverage line-rate="0.89022919179735" branch-rate="0.71593533487298" lines-covered="738" lines-valid="829" branches-covered="310" branches-valid="433" complexity="273" version="0.4" timestamp="1758657266">
  <sources>
    <source>/home/runner/work/php-symfony-base/php-symfony-base/src</source>
  </sources>
  <packages>
    <package name="Application.php" line-rate="0.9375" branch-rate="0.85714285714286" complexity="11">
      <classes>
        <class name="App\Application" filename="Application.php" line-rate="0.9375" branch-rate="0.85714285714286" complexity="11">
          <methods>
            <method name="__construct" signature="Security $security, Kernel $kernel, array $settings" line-rate="1" branch-rate="1" complexity="1">
              <lines>
                <line number="31" hits="3"/>
                <line number="32" hits="3"/>
                <line number="33" hits="3"/>
              </lines>
            </method>
            <method name="getServerType" signature="" line-rate="1" branch-rate="1" complexity="1">
              <lines>
                <line number="44" hits="3"/>
                <line number="46" hits="3"/>
              </lines>
            </method>
            <method name="getGinaRolePrefix" signature="" line-rate="1" branch-rate="1" complexity="1">
              <lines>
                <line number="51" hits="3"/>
              </lines>
            </method>
            <method name="getUrl" signature="" line-rate="1" branch-rate="1" complexity="1">
              <lines>
                <line number="56" hits="1"/>
              </lines>
            </method>
            <method name="isServerLocal" signature="" line-rate="1" branch-rate="1" complexity="1">
              <lines>
                <line number="64" hits="3"/>
              </lines>
            </method>
            <method name="getEnvironment" signature="" line-rate="1" branch-rate="1" complexity="1">
              <lines>
                <line number="74" hits="3"/>
              </lines>
            </method>
            <method name="isDebug" signature="" line-rate="1" branch-rate="1" complexity="1">
              <lines>
                <line number="82" hits="3"/>
              </lines>
            </method>
            <method name="getVersion" signature="" line-rate="0.8" branch-rate="0.66666666666667" complexity="3">
              <lines>
                <line number="90" hits="3"/>
                <line number="91" hits="3"/>
                <line number="92" hits="3"/>
                <line number="93" hits="0"/>
                <line number="96" hits="3"/>
              </lines>
            </method>
            <method name="getUser" signature="" line-rate="1" branch-rate="1" complexity="1">
              <lines>
                <line number="102" hits="1"/>
              </lines>
            </method>
          </methods>
          <lines>
            <line number="31" hits="3"/>
            <line number="32" hits="3"/>
            <line number="33" hits="3"/>
            <line number="44" hits="3"/>
            <line number="46" hits="3"/>
            <line number="51" hits="3"/>
            <line number="56" hits="1"/>
            <line number="64" hits="3"/>
            <line number="74" hits="3"/>
            <line number="82" hits="3"/>
            <line number="90" hits="3"/>
            <line number="91" hits="3"/>
            <line number="92" hits="3"/>
            <line number="93" hits="0"/>
            <line number="96" hits="3"/>
            <line number="102" hits="1"/>
          </lines>
        </class>
      </classes>
    </package>
    <package name="BaseParameter.php" line-rate="0.94594594594595" branch-rate="0.91304347826087" complexity="12">
      <classes>
        <class name="App\BaseParameter" filename="BaseParameter.php" line-rate="0.94594594594595" branch-rate="0.91304347826087" complexity="12">
          <methods>
            <method name="__construct" signature="EntityManagerInterface $entityManager" line-rate="0.92592592592593" branch-rate="0.83333333333333" complexity="5">
              <lines>
                <line number="41" hits="3"/>
                <line number="44" hits="3"/>
                <line number="46" hits="3"/>
                <line number="47" hits="3"/>
                <line number="50" hits="3"/>
                <line number="51" hits="3"/>
                <line number="53" hits="3"/>
                <line number="56" hits="3"/>
                <line number="60" hits="3"/>
                <line number="61" hits="3"/>
                <line number="62" hits="3"/>
                <line number="63" hits="2"/>
                <line number="65" hits="2"/>
                <line number="66" hits="2"/>
                <line number="67" hits="2"/>
                <line number="69" hits="2"/>
                <line number="70" hits="3"/>
                <line number="71" hits="3"/>
                <line number="72" hits="3"/>
                <line number="74" hits="3"/>
                <line number="76" hits="2"/>
                <line number="78" hits="2"/>
                <line number="80" hits="2"/>
                <line number="83" hits="2"/>
                <line number="84" hits="2"/>
                <line number="87" hits="0"/>
                <line number="88" hits="0"/>
              </lines>
            </method>
            <method name="getDefaultValues" signature="" line-rate="1" branch-rate="1" complexity="1">
              <lines>
                <line number="97" hits="2"/>
              </lines>
            </method>
            <method name="getCurrentValues" signature="" line-rate="1" branch-rate="1" complexity="1">
              <lines>
                <line number="105" hits="2"/>
              </lines>
            </method>
            <method name="clearCache" signature="" line-rate="1" branch-rate="1" complexity="1">
              <lines>
                <line number="113" hits="1"/>
              </lines>
            </method>
            <method name="getAnnotations" signature="" line-rate="1" branch-rate="1" complexity="4">
              <lines>
                <line number="121" hits="2"/>
                <line number="122" hits="2"/>
                <line number="123" hits="2"/>
                <line number="124" hits="2"/>
                <line number="125" hits="2"/>
                <line number="126" hits="2"/>
                <line number="131" hits="2"/>
              </lines>
            </method>
          </methods>
          <lines>
            <line number="41" hits="3"/>
            <line number="44" hits="3"/>
            <line number="46" hits="3"/>
            <line number="47" hits="3"/>
            <line number="50" hits="3"/>
            <line number="51" hits="3"/>
            <line number="53" hits="3"/>
            <line number="56" hits="3"/>
            <line number="60" hits="3"/>
            <line number="61" hits="3"/>
            <line number="62" hits="3"/>
            <line number="63" hits="2"/>
            <line number="65" hits="2"/>
            <line number="66" hits="2"/>
            <line number="67" hits="2"/>
            <line number="69" hits="2"/>
            <line number="70" hits="3"/>
            <line number="71" hits="3"/>
            <line number="72" hits="3"/>
            <line number="74" hits="3"/>
            <line number="76" hits="2"/>
            <line number="78" hits="2"/>
            <line number="80" hits="2"/>
            <line number="83" hits="2"/>
            <line number="84" hits="2"/>
            <line number="87" hits="0"/>
            <line number="88" hits="0"/>
            <line number="97" hits="2"/>
            <line number="105" hits="2"/>
            <line number="113" hits="1"/>
            <line number="121" hits="2"/>
            <line number="122" hits="2"/>
            <line number="123" hits="2"/>
            <line number="124" hits="2"/>
            <line number="125" hits="2"/>
            <line number="126" hits="2"/>
            <line number="131" hits="2"/>
          </lines>
        </class>
      </classes>
    </package>
    <package name="Controller/Admin/AdminController.php" line-rate="1" branch-rate="1" complexity="9">
      <classes>
        <class name="App\Controller\Admin\AdminController" filename="Controller/Admin/AdminController.php" line-rate="1" branch-rate="1" complexity="9">
          <methods>
            <method name="index" signature="Request $request, Application $application" line-rate="1" branch-rate="1" complexity="3">
              <lines>
                <line number="22" hits="1"/>
                <line number="23" hits="1"/>
                <line number="24" hits="1"/>
                <line number="25" hits="1"/>
                <line number="26" hits="1"/>
                <line number="27" hits="1"/>
                <line number="31" hits="1"/>
                <line number="32" hits="1"/>
                <line number="33" hits="1"/>
                <line number="34" hits="1"/>
                <line number="35" hits="1"/>
                <line number="36" hits="1"/>
                <line number="37" hits="1"/>
                <line number="38" hits="1"/>
                <line number="39" hits="1"/>
                <line number="40" hits="1"/>
              </lines>
            </method>
            <method name="log" signature="Request $request, Kernel $kernel, ?string $filename" line-rate="1" branch-rate="1" complexity="5">
              <lines>
                <line number="49" hits="1"/>
                <line number="50" hits="1"/>
                <line number="51" hits="1"/>
                <line number="52" hits="1"/>
                <line number="53" hits="1"/>
                <line number="54" hits="1"/>
                <line number="55" hits="1"/>
                <line number="56" hits="1"/>
                <line number="57" hits="1"/>
                <line number="58" hits="1"/>
                <line number="59" hits="1"/>
                <line number="60" hits="1"/>
                <line number="61" hits="1"/>
                <line number="63" hits="1"/>
                <line number="67" hits="1"/>
                <line number="69" hits="1"/>
                <line number="71" hits="1"/>
              </lines>
            </method>
            <method name="applicationInfo" signature="Request $request" line-rate="1" branch-rate="1" complexity="1">
              <lines>
                <line number="77" hits="1"/>
                <line number="78" hits="1"/>
                <line number="80" hits="1"/>
                <line number="81" hits="1"/>
                <line number="82" hits="1"/>
                <line number="84" hits="1"/>
                <line number="85" hits="1"/>
                <line number="86" hits="1"/>
                <line number="87" hits="1"/>
              </lines>
            </method>
          </methods>
          <lines>
            <line number="22" hits="1"/>
            <line number="23" hits="1"/>
            <line number="24" hits="1"/>
            <line number="25" hits="1"/>
            <line number="26" hits="1"/>
            <line number="27" hits="1"/>
            <line number="31" hits="1"/>
            <line number="32" hits="1"/>
            <line number="33" hits="1"/>
            <line number="34" hits="1"/>
            <line number="35" hits="1"/>
            <line number="36" hits="1"/>
            <line number="37" hits="1"/>
            <line number="38" hits="1"/>
            <line number="39" hits="1"/>
            <line number="40" hits="1"/>
            <line number="49" hits="1"/>
            <line number="50" hits="1"/>
            <line number="51" hits="1"/>
            <line number="52" hits="1"/>
            <line number="53" hits="1"/>
            <line number="54" hits="1"/>
            <line number="55" hits="1"/>
            <line number="56" hits="1"/>
            <line number="57" hits="1"/>
            <line number="58" hits="1"/>
            <line number="59" hits="1"/>
            <line number="60" hits="1"/>
            <line number="61" hits="1"/>
            <line number="63" hits="1"/>
            <line number="67" hits="1"/>
            <line number="69" hits="1"/>
            <line number="71" hits="1"/>
            <line number="77" hits="1"/>
            <line number="78" hits="1"/>
            <line number="80" hits="1"/>
            <line number="81" hits="1"/>
            <line number="82" hits="1"/>
            <line number="84" hits="1"/>
            <line number="85" hits="1"/>
            <line number="86" hits="1"/>
            <line number="87" hits="1"/>
          </lines>
        </class>
      </classes>
    </package>
    <package name="Controller/Admin/BaseAdminController.php" line-rate="1" branch-rate="1" complexity="1">
      <classes>
        <class name="App\Controller\Admin\BaseAdminController" filename="Controller/Admin/BaseAdminController.php" line-rate="1" branch-rate="1" complexity="1">
          <methods>
            <method name="__construct" signature="MenuAdmin $menu, LoggerInterface $applicationLogger" line-rate="1" branch-rate="1" complexity="1">
              <lines>
                <line number="13" hits="2"/>
                <line number="14" hits="2"/>
              </lines>
            </method>
          </methods>
          <lines>
            <line number="13" hits="2"/>
            <line number="14" hits="2"/>
          </lines>
        </class>
      </classes>
    </package>
    <package name="Controller/Admin/MailTestController.php" line-rate="0.77777777777778" branch-rate="0.72727272727273" complexity="6">
      <classes>
        <class name="App\Controller\Admin\MailTestController" filename="Controller/Admin/MailTestController.php" line-rate="0.77777777777778" branch-rate="0.72727272727273" complexity="6">
          <methods>
            <method name="buildForm" signature="MailTest $mailTest" line-rate="1" branch-rate="1" complexity="1">
              <lines>
                <line number="26" hits="1"/>
                <line number="27" hits="1"/>
                <line number="29" hits="1"/>
              </lines>
            </method>
            <method name="mailTest" signature="Request $request, Mail $mail, Application $application, Parameter $parameter" line-rate="0.75" branch-rate="0.7" complexity="5">
              <lines>
                <line number="35" hits="1"/>
                <line number="36" hits="1"/>
                <line number="37" hits="1"/>
                <line number="38" hits="1"/>
                <line number="39" hits="1"/>
                <line number="41" hits="1"/>
                <line number="42" hits="1"/>
                <line number="43" hits="1"/>
                <line number="44" hits="1"/>
                <line number="45" hits="1"/>
                <line number="46" hits="1"/>
                <line number="48" hits="1"/>
                <line number="49" hits="0"/>
                <line number="50" hits="0"/>
                <line number="51" hits="0"/>
                <line number="52" hits="0"/>
                <line number="53" hits="0"/>
                <line number="56" hits="1"/>
                <line number="57" hits="0"/>
                <line number="59" hits="1"/>
                <line number="62" hits="1"/>
                <line number="63" hits="1"/>
                <line number="64" hits="1"/>
                <line number="65" hits="1"/>
              </lines>
            </method>
          </methods>
          <lines>
            <line number="26" hits="1"/>
            <line number="27" hits="1"/>
            <line number="29" hits="1"/>
            <line number="35" hits="1"/>
            <line number="36" hits="1"/>
            <line number="37" hits="1"/>
            <line number="38" hits="1"/>
            <line number="39" hits="1"/>
            <line number="41" hits="1"/>
            <line number="42" hits="1"/>
            <line number="43" hits="1"/>
            <line number="44" hits="1"/>
            <line number="45" hits="1"/>
            <line number="46" hits="1"/>
            <line number="48" hits="1"/>
            <line number="49" hits="0"/>
            <line number="50" hits="0"/>
            <line number="51" hits="0"/>
            <line number="52" hits="0"/>
            <line number="53" hits="0"/>
            <line number="56" hits="1"/>
            <line number="57" hits="0"/>
            <line number="59" hits="1"/>
            <line number="62" hits="1"/>
            <line number="63" hits="1"/>
            <line number="64" hits="1"/>
            <line number="65" hits="1"/>
          </lines>
        </class>
      </classes>
    </package>
    <package name="Controller/Admin/ParameterController.php" line-rate="0.98989898989899" branch-rate="0.96" complexity="14">
      <classes>
        <class name="App\Controller\Admin\ParameterController" filename="Controller/Admin/ParameterController.php" line-rate="0.98989898989899" branch-rate="0.96" complexity="14">
          <methods>
            <method name="buildForm" signature="Param $annotation, ParameterEntity $dbParameter" line-rate="1" branch-rate="1" complexity="4">
              <lines>
                <line number="29" hits="1"/>
                <line number="30" hits="1"/>
                <line number="32" hits="1"/>
                <line number="33" hits="1"/>
                <line number="34" hits="1"/>
                <line number="35" hits="1"/>
                <line number="36" hits="1"/>
                <line number="37" hits="1"/>
                <line number="38" hits="1"/>
                <line number="39" hits="1"/>
                <line number="40" hits="1"/>
                <line number="41" hits="1"/>
                <line number="42" hits="1"/>
                <line number="43" hits="1"/>
                <line number="44" hits="1"/>
                <line number="45" hits="1"/>
                <line number="46" hits="1"/>
                <line number="47" hits="1"/>
                <line number="48" hits="1"/>
                <line number="49" hits="1"/>
                <line number="50" hits="1"/>
                <line number="51" hits="1"/>
                <line number="52" hits="1"/>
                <line number="53" hits="1"/>
                <line number="54" hits="1"/>
                <line number="55" hits="1"/>
                <line number="56" hits="1"/>
                <line number="58" hits="1"/>
                <line number="60" hits="1"/>
                <line number="61" hits="1"/>
                <line number="62" hits="1"/>
                <line number="63" hits="1"/>
                <line number="64" hits="1"/>
                <line number="65" hits="1"/>
                <line number="68" hits="1"/>
              </lines>
            </method>
            <method name="index" signature="ParameterClass $parameterClass" line-rate="1" branch-rate="1" complexity="1">
              <lines>
                <line number="75" hits="1"/>
                <line number="76" hits="1"/>
                <line number="77" hits="1"/>
                <line number="79" hits="1"/>
                <line number="80" hits="1"/>
                <line number="81" hits="1"/>
                <line number="82" hits="1"/>
                <line number="83" hits="1"/>
                <line number="84" hits="1"/>
                <line number="85" hits="1"/>
              </lines>
            </method>
            <method name="edit" signature="Request $request, string $name, EntityManagerInterface $entityManager, ParameterClass $parameterClass, ValidatorInterface $validator" line-rate="0.98148148148148" branch-rate="0.94117647058824" complexity="9">
              <lines>
                <line number="96" hits="2"/>
                <line number="97" hits="2"/>
                <line number="98" hits="2"/>
                <line number="99" hits="0"/>
                <line number="101" hits="2"/>
                <line number="102" hits="2"/>
                <line number="103" hits="2"/>
                <line number="104" hits="2"/>
                <line number="106" hits="2"/>
                <line number="107" hits="2"/>
                <line number="108" hits="2"/>
                <line number="109" hits="2"/>
                <line number="110" hits="2"/>
                <line number="112" hits="2"/>
                <line number="113" hits="1"/>
                <line number="114" hits="1"/>
                <line number="116" hits="1"/>
                <line number="117" hits="1"/>
                <line number="118" hits="1"/>
                <line number="119" hits="1"/>
                <line number="121" hits="1"/>
                <line number="122" hits="1"/>
                <line number="123" hits="1"/>
                <line number="124" hits="1"/>
                <line number="125" hits="1"/>
                <line number="126" hits="1"/>
                <line number="127" hits="1"/>
                <line number="128" hits="1"/>
                <line number="129" hits="1"/>
                <line number="130" hits="1"/>
                <line number="132" hits="1"/>
                <line number="133" hits="1"/>
                <line number="134" hits="1"/>
                <line number="135" hits="1"/>
                <line number="136" hits="1"/>
                <line number="137" hits="1"/>
                <line number="138" hits="1"/>
                <line number="139" hits="1"/>
                <line number="140" hits="1"/>
                <line number="142" hits="1"/>
                <line number="143" hits="1"/>
                <line number="144" hits="1"/>
                <line number="145" hits="1"/>
                <line number="148" hits="1"/>
                <line number="149" hits="1"/>
                <line number="152" hits="1"/>
                <line number="153" hits="1"/>
                <line number="154" hits="1"/>
                <line number="155" hits="1"/>
                <line number="156" hits="1"/>
                <line number="157" hits="1"/>
                <line number="158" hits="1"/>
                <line number="159" hits="1"/>
                <line number="160" hits="1"/>
              </lines>
            </method>
          </methods>
          <lines>
            <line number="29" hits="1"/>
            <line number="30" hits="1"/>
            <line number="32" hits="1"/>
            <line number="33" hits="1"/>
            <line number="34" hits="1"/>
            <line number="35" hits="1"/>
            <line number="36" hits="1"/>
            <line number="37" hits="1"/>
            <line number="38" hits="1"/>
            <line number="39" hits="1"/>
            <line number="40" hits="1"/>
            <line number="41" hits="1"/>
            <line number="42" hits="1"/>
            <line number="43" hits="1"/>
            <line number="44" hits="1"/>
            <line number="45" hits="1"/>
            <line number="46" hits="1"/>
            <line number="47" hits="1"/>
            <line number="48" hits="1"/>
            <line number="49" hits="1"/>
            <line number="50" hits="1"/>
            <line number="51" hits="1"/>
            <line number="52" hits="1"/>
            <line number="53" hits="1"/>
            <line number="54" hits="1"/>
            <line number="55" hits="1"/>
            <line number="56" hits="1"/>
            <line number="58" hits="1"/>
            <line number="60" hits="1"/>
            <line number="61" hits="1"/>
            <line number="62" hits="1"/>
            <line number="63" hits="1"/>
            <line number="64" hits="1"/>
            <line number="65" hits="1"/>
            <line number="68" hits="1"/>
            <line number="75" hits="1"/>
            <line number="76" hits="1"/>
            <line number="77" hits="1"/>
            <line number="79" hits="1"/>
            <line number="80" hits="1"/>
            <line number="81" hits="1"/>
            <line number="82" hits="1"/>
            <line number="83" hits="1"/>
            <line number="84" hits="1"/>
            <line number="85" hits="1"/>
            <line number="96" hits="2"/>
            <line number="97" hits="2"/>
            <line number="98" hits="2"/>
            <line number="99" hits="0"/>
            <line number="101" hits="2"/>
            <line number="102" hits="2"/>
            <line number="103" hits="2"/>
            <line number="104" hits="2"/>
            <line number="106" hits="2"/>
            <line number="107" hits="2"/>
            <line number="108" hits="2"/>
            <line number="109" hits="2"/>
            <line number="110" hits="2"/>
            <line number="112" hits="2"/>
            <line number="113" hits="1"/>
            <line number="114" hits="1"/>
            <line number="116" hits="1"/>
            <line number="117" hits="1"/>
            <line number="118" hits="1"/>
            <line number="119" hits="1"/>
            <line number="121" hits="1"/>
            <line number="122" hits="1"/>
            <line number="123" hits="1"/>
            <line number="124" hits="1"/>
            <line number="125" hits="1"/>
            <line number="126" hits="1"/>
            <line number="127" hits="1"/>
            <line number="128" hits="1"/>
            <line number="129" hits="1"/>
            <line number="130" hits="1"/>
            <line number="132" hits="1"/>
            <line number="133" hits="1"/>
            <line number="134" hits="1"/>
            <line number="135" hits="1"/>
            <line number="136" hits="1"/>
            <line number="137" hits="1"/>
            <line number="138" hits="1"/>
            <line number="139" hits="1"/>
            <line number="140" hits="1"/>
            <line number="142" hits="1"/>
            <line number="143" hits="1"/>
            <line number="144" hits="1"/>
            <line number="145" hits="1"/>
            <line number="148" hits="1"/>
            <line number="149" hits="1"/>
            <line number="152" hits="1"/>
            <line number="153" hits="1"/>
            <line number="154" hits="1"/>
            <line number="155" hits="1"/>
            <line number="156" hits="1"/>
            <line number="157" hits="1"/>
            <line number="158" hits="1"/>
            <line number="159" hits="1"/>
            <line number="160" hits="1"/>
          </lines>
        </class>
      </classes>
    </package>
    <package name="Controller/BaseController.php" line-rate="1" branch-rate="1" complexity="5">
      <classes>
        <class name="App\Controller\BaseController" filename="Controller/BaseController.php" line-rate="1" branch-rate="1" complexity="5">
          <methods>
            <method name="__construct" signature="MenuBase $menu, LoggerInterface $applicationLogger" line-rate="1" branch-rate="1" complexity="1">
              <lines>
                <line number="17" hits="3"/>
                <line number="18" hits="3"/>
              </lines>
            </method>
            <method name="logDebug" signature="string $message, array $context" line-rate="1" branch-rate="1" complexity="1">
              <lines>
                <line number="28" hits="3"/>
              </lines>
            </method>
            <method name="logInfo" signature="string $message, array $context" line-rate="1" branch-rate="1" complexity="1">
              <lines>
                <line number="38" hits="1"/>
              </lines>
            </method>
            <method name="logError" signature="string $message, array $context" line-rate="1" branch-rate="1" complexity="1">
              <lines>
                <line number="48" hits="1"/>
              </lines>
            </method>
            <method name="logWarning" signature="string $message, array $context" line-rate="1" branch-rate="1" complexity="1">
              <lines>
                <line number="58" hits="1"/>
              </lines>
            </method>
          </methods>
          <lines>
            <line number="17" hits="3"/>
            <line number="18" hits="3"/>
            <line number="28" hits="3"/>
            <line number="38" hits="1"/>
            <line number="48" hits="1"/>
            <line number="58" hits="1"/>
          </lines>
        </class>
      </classes>
    </package>
    <package name="Controller/BaseFrontController.php" line-rate="1" branch-rate="1" complexity="1">
      <classes>
        <class name="App\Controller\BaseFrontController" filename="Controller/BaseFrontController.php" line-rate="1" branch-rate="1" complexity="1">
          <methods>
            <method name="__construct" signature="Menu $menu, LoggerInterface $applicationLogger" line-rate="1" branch-rate="1" complexity="1">
              <lines>
                <line number="16" hits="3"/>
              </lines>
            </method>
          </methods>
          <lines>
            <line number="16" hits="3"/>
          </lines>
        </class>
      </classes>
    </package>
    <package name="Controller/DefaultController.php" line-rate="1" branch-rate="1" complexity="7">
      <classes>
        <class name="App\Controller\DefaultController" filename="Controller/DefaultController.php" line-rate="1" branch-rate="1" complexity="7">
          <methods>
            <method name="index" signature="Parameter $parameter" line-rate="1" branch-rate="1" complexity="1">
              <lines>
                <line number="17" hits="3"/>
                <line number="18" hits="3"/>
                <line number="20" hits="3"/>
                <line number="21" hits="3"/>
                <line number="22" hits="3"/>
              </lines>
            </method>
            <method name="info" signature="Parameter $parameter" line-rate="1" branch-rate="1" complexity="3">
              <lines>
                <line number="28" hits="1"/>
                <line number="29" hits="1"/>
                <line number="30" hits="1"/>
                <line number="31" hits="1"/>
                <line number="32" hits="1"/>
                <line number="36" hits="1"/>
                <line number="37" hits="1"/>
                <line number="38" hits="1"/>
              </lines>
            </method>
            <method name="todo" signature="" line-rate="1" branch-rate="1" complexity="1">
              <lines>
                <line number="44" hits="1"/>
                <line number="46" hits="1"/>
              </lines>
            </method>
            <method name="editor" signature="" line-rate="1" branch-rate="1" complexity="1">
              <lines>
                <line number="52" hits="1"/>
                <line number="53" hits="1"/>
                <line number="55" hits="1"/>
              </lines>
            </method>
            <method name="e500" signature="" line-rate="1" branch-rate="1" complexity="1">
              <lines>
                <line number="66" hits="1"/>
                <line number="67" hits="1"/>
              </lines>
            </method>
          </methods>
          <lines>
            <line number="17" hits="3"/>
            <line number="18" hits="3"/>
            <line number="20" hits="3"/>
            <line number="21" hits="3"/>
            <line number="22" hits="3"/>
            <line number="28" hits="1"/>
            <line number="29" hits="1"/>
            <line number="30" hits="1"/>
            <line number="31" hits="1"/>
            <line number="32" hits="1"/>
            <line number="36" hits="1"/>
            <line number="37" hits="1"/>
            <line number="38" hits="1"/>
            <line number="44" hits="1"/>
            <line number="46" hits="1"/>
            <line number="52" hits="1"/>
            <line number="53" hits="1"/>
            <line number="55" hits="1"/>
            <line number="66" hits="1"/>
            <line number="67" hits="1"/>
          </lines>
        </class>
      </classes>
    </package>
    <package name="Entity/MailTest.php" line-rate="1" branch-rate="1" complexity="2">
      <classes>
        <class name="App\Entity\MailTest" filename="Entity/MailTest.php" line-rate="1" branch-rate="1" complexity="2">
          <methods>
            <method name="getAdresse" signature="" line-rate="1" branch-rate="1" complexity="1">
              <lines>
                <line number="11" hits="1"/>
              </lines>
            </method>
            <method name="setAdresse" signature="?string $adresse" line-rate="1" branch-rate="1" complexity="1">
              <lines>
                <line number="16" hits="1"/>
              </lines>
            </method>
          </methods>
          <lines>
            <line number="11" hits="1"/>
            <line number="16" hits="1"/>
          </lines>
        </class>
      </classes>
    </package>
    <package name="Entity/Parameter.php" line-rate="0.85714285714286" branch-rate="0.8" complexity="5">
      <classes>
        <class name="App\Entity\Parameter" filename="Entity/Parameter.php" line-rate="0.85714285714286" branch-rate="0.8" complexity="5">
          <methods>
            <method name="getId" signature="" line-rate="0" branch-rate="0" complexity="1">
              <lines>
                <line number="29" hits="0"/>
              </lines>
            </method>
            <method name="getName" signature="" line-rate="1" branch-rate="1" complexity="1">
              <lines>
                <line number="34" hits="2"/>
              </lines>
            </method>
            <method name="setName" signature="string $name" line-rate="1" branch-rate="1" complexity="1">
              <lines>
                <line number="39" hits="2"/>
                <line number="41" hits="2"/>
              </lines>
            </method>
            <method name="getValue" signature="" line-rate="1" branch-rate="1" complexity="1">
              <lines>
                <line number="46" hits="2"/>
              </lines>
            </method>
            <method name="setValue" signature="string $value" line-rate="1" branch-rate="1" complexity="1">
              <lines>
                <line number="51" hits="2"/>
                <line number="53" hits="2"/>
              </lines>
            </method>
          </methods>
          <lines>
            <line number="29" hits="0"/>
            <line number="34" hits="2"/>
            <line number="39" hits="2"/>
            <line number="41" hits="2"/>
            <line number="46" hits="2"/>
            <line number="51" hits="2"/>
            <line number="53" hits="2"/>
          </lines>
        </class>
      </classes>
    </package>
    <package name="ExceptionApplication.php" line-rate="0" branch-rate="0" complexity="0">
      <classes>
        <class name="App\ExceptionApplication" filename="ExceptionApplication.php" line-rate="0" branch-rate="0" complexity="0">
          <methods/>
          <lines/>
        </class>
      </classes>
    </package>
    <package name="Kernel.php" line-rate="0" branch-rate="0" complexity="0">
      <classes>
        <class name="App\Kernel" filename="Kernel.php" line-rate="0" branch-rate="0" complexity="0">
          <methods/>
          <lines/>
        </class>
      </classes>
    </package>
    <package name="Listener/ExceptionListener.php" line-rate="1" branch-rate="0.066666666666667" complexity="8">
      <classes>
        <class name="App\Listener\ExceptionListener" filename="Listener/ExceptionListener.php" line-rate="1" branch-rate="0.066666666666667" complexity="8">
          <methods>
            <method name="__construct" signature="Environment $twig, Application $application, LoggerInterface $applicationLogger" line-rate="1" branch-rate="1" complexity="1">
              <lines>
                <line number="23" hits="3"/>
                <line number="24" hits="3"/>
                <line number="25" hits="3"/>
              </lines>
            </method>
            <method name="onKernelException" signature="ExceptionEvent $event" line-rate="1" branch-rate="0" complexity="7">
              <lines>
                <line number="32" hits="3"/>
                <line number="33" hits="3"/>
                <line number="35" hits="3"/>
                <line number="36" hits="1"/>
                <line number="37" hits="1"/>
                <line number="38" hits="1"/>
                <line number="39" hits="3"/>
                <line number="40" hits="1"/>
                <line number="41" hits="1"/>
                <line number="42" hits="1"/>
                <line number="43" hits="3"/>
                <line number="44" hits="1"/>
                <line number="45" hits="1"/>
                <line number="46" hits="1"/>
                <line number="47" hits="1"/>
                <line number="48" hits="1"/>
                <line number="49" hits="1"/>
                <line number="50" hits="1"/>
                <line number="51" hits="1"/>
                <line number="52" hits="1"/>
                <line number="53" hits="1"/>
                <line number="55" hits="2"/>
                <line number="56" hits="2"/>
                <line number="57" hits="2"/>
                <line number="58" hits="2"/>
                <line number="59" hits="2"/>
                <line number="60" hits="2"/>
                <line number="61" hits="2"/>
                <line number="62" hits="2"/>
                <line number="63" hits="2"/>
                <line number="64" hits="2"/>
                <line number="66" hits="3"/>
              </lines>
            </method>
          </methods>
          <lines>
            <line number="23" hits="3"/>
            <line number="24" hits="3"/>
            <line number="25" hits="3"/>
            <line number="32" hits="3"/>
            <line number="33" hits="3"/>
            <line number="35" hits="3"/>
            <line number="36" hits="1"/>
            <line number="37" hits="1"/>
            <line number="38" hits="1"/>
            <line number="39" hits="3"/>
            <line number="40" hits="1"/>
            <line number="41" hits="1"/>
            <line number="42" hits="1"/>
            <line number="43" hits="3"/>
            <line number="44" hits="1"/>
            <line number="45" hits="1"/>
            <line number="46" hits="1"/>
            <line number="47" hits="1"/>
            <line number="48" hits="1"/>
            <line number="49" hits="1"/>
            <line number="50" hits="1"/>
            <line number="51" hits="1"/>
            <line number="52" hits="1"/>
            <line number="53" hits="1"/>
            <line number="55" hits="2"/>
            <line number="56" hits="2"/>
            <line number="57" hits="2"/>
            <line number="58" hits="2"/>
            <line number="59" hits="2"/>
            <line number="60" hits="2"/>
            <line number="61" hits="2"/>
            <line number="62" hits="2"/>
            <line number="63" hits="2"/>
            <line number="64" hits="2"/>
            <line number="66" hits="3"/>
          </lines>
        </class>
      </classes>
    </package>
    <package name="Listener/KernelRequestListener.php" line-rate="1" branch-rate="0.125" complexity="5">
      <classes>
        <class name="App\Listener\KernelRequestListener" filename="Listener/KernelRequestListener.php" line-rate="1" branch-rate="0.125" complexity="5">
          <methods>
            <method name="__construct" signature="Parameter $parameter, Application $application, Security $security, Environment $twig" line-rate="1" branch-rate="1" complexity="1">
              <lines>
                <line number="33" hits="3"/>
                <line number="34" hits="3"/>
                <line number="35" hits="3"/>
                <line number="36" hits="3"/>
              </lines>
            </method>
            <method name="onKernelRequest" signature="RequestEvent $event" line-rate="1" branch-rate="0" complexity="4">
              <lines>
                <line number="42" hits="3"/>
                <line number="45" hits="3"/>
                <line number="46" hits="3"/>
                <line number="47" hits="3"/>
                <line number="49" hits="1"/>
              </lines>
            </method>
          </methods>
          <lines>
            <line number="33" hits="3"/>
            <line number="34" hits="3"/>
            <line number="35" hits="3"/>
            <line number="36" hits="3"/>
            <line number="42" hits="3"/>
            <line number="45" hits="3"/>
            <line number="46" hits="3"/>
            <line number="47" hits="3"/>
            <line number="49" hits="1"/>
          </lines>
        </class>
      </classes>
    </package>
    <package name="Logger/UserProcessor.php" line-rate="1" branch-rate="1" complexity="2">
      <classes>
        <class name="App\Logger\UserProcessor" filename="Logger/UserProcessor.php" line-rate="1" branch-rate="1" complexity="2">
          <methods>
            <method name="__construct" signature="Security $security, RequestStack $requestStack" line-rate="1" branch-rate="1" complexity="1">
              <lines>
                <line number="21" hits="3"/>
                <line number="22" hits="3"/>
              </lines>
            </method>
            <method name="__invoke" signature="LogRecord $record" line-rate="1" branch-rate="1" complexity="1">
              <lines>
                <line number="28" hits="3"/>
                <line number="29" hits="3"/>
                <line number="30" hits="3"/>
                <line number="32" hits="3"/>
              </lines>
            </method>
          </methods>
          <lines>
            <line number="21" hits="3"/>
            <line number="22" hits="3"/>
            <line number="28" hits="3"/>
            <line number="29" hits="3"/>
            <line number="30" hits="3"/>
            <line number="32" hits="3"/>
          </lines>
        </class>
      </classes>
    </package>
    <package name="Menu/Menu.php" line-rate="0.97058823529412" branch-rate="0.85714285714286" complexity="7">
      <classes>
        <class name="App\Menu\Menu" filename="Menu/Menu.php" line-rate="0.97058823529412" branch-rate="0.85714285714286" complexity="7">
          <methods>
            <method name="__construct" signature="MenuTwig $menuTwig, Security $security, Application $application" line-rate="0.97058823529412" branch-rate="0.85714285714286" complexity="7">
              <lines>
                <line number="14" hits="3"/>
                <line number="16" hits="3"/>
                <line number="18" hits="3"/>
                <line number="19" hits="3"/>
                <line number="20" hits="3"/>
                <line number="21" hits="3"/>
                <line number="22" hits="3"/>
                <line number="23" hits="3"/>
                <line number="24" hits="3"/>
                <line number="25" hits="3"/>
                <line number="26" hits="3"/>
                <line number="27" hits="0"/>
                <line number="29" hits="3"/>
                <line number="30" hits="3"/>
                <line number="31" hits="3"/>
                <line number="32" hits="3"/>
                <line number="33" hits="3"/>
                <line number="34" hits="3"/>
                <line number="35" hits="3"/>
                <line number="36" hits="3"/>
                <line number="37" hits="3"/>
                <line number="38" hits="3"/>
                <line number="39" hits="3"/>
                <line number="40" hits="3"/>
                <line number="42" hits="3"/>
                <line number="43" hits="3"/>
                <line number="44" hits="3"/>
                <line number="46" hits="3"/>
                <line number="47" hits="3"/>
                <line number="49" hits="3"/>
                <line number="50" hits="3"/>
                <line number="51" hits="3"/>
                <line number="52" hits="3"/>
                <line number="53" hits="3"/>
              </lines>
            </method>
          </methods>
          <lines>
            <line number="14" hits="3"/>
            <line number="16" hits="3"/>
            <line number="18" hits="3"/>
            <line number="19" hits="3"/>
            <line number="20" hits="3"/>
            <line number="21" hits="3"/>
            <line number="22" hits="3"/>
            <line number="23" hits="3"/>
            <line number="24" hits="3"/>
            <line number="25" hits="3"/>
            <line number="26" hits="3"/>
            <line number="27" hits="0"/>
            <line number="29" hits="3"/>
            <line number="30" hits="3"/>
            <line number="31" hits="3"/>
            <line number="32" hits="3"/>
            <line number="33" hits="3"/>
            <line number="34" hits="3"/>
            <line number="35" hits="3"/>
            <line number="36" hits="3"/>
            <line number="37" hits="3"/>
            <line number="38" hits="3"/>
            <line number="39" hits="3"/>
            <line number="40" hits="3"/>
            <line number="42" hits="3"/>
            <line number="43" hits="3"/>
            <line number="44" hits="3"/>
            <line number="46" hits="3"/>
            <line number="47" hits="3"/>
            <line number="49" hits="3"/>
            <line number="50" hits="3"/>
            <line number="51" hits="3"/>
            <line number="52" hits="3"/>
            <line number="53" hits="3"/>
          </lines>
        </class>
      </classes>
    </package>
    <package name="Menu/MenuAdmin.php" line-rate="1" branch-rate="0.96153846153846" complexity="13">
      <classes>
        <class name="App\Menu\MenuAdmin" filename="Menu/MenuAdmin.php" line-rate="1" branch-rate="0.96153846153846" complexity="13">
          <methods>
            <method name="__construct" signature="MenuTwig $menuTwig, Security $security, Application $application" line-rate="1" branch-rate="0.96153846153846" complexity="13">
              <lines>
                <line number="13" hits="2"/>
                <line number="14" hits="2"/>
                <line number="15" hits="2"/>
                <line number="16" hits="2"/>
                <line number="17" hits="2"/>
                <line number="18" hits="2"/>
                <line number="19" hits="2"/>
                <line number="21" hits="2"/>
                <line number="22" hits="2"/>
                <line number="23" hits="2"/>
                <line number="24" hits="2"/>
                <line number="25" hits="2"/>
                <line number="27" hits="2"/>
                <line number="28" hits="2"/>
                <line number="29" hits="2"/>
                <line number="30" hits="2"/>
                <line number="31" hits="2"/>
                <line number="34" hits="2"/>
                <line number="35" hits="2"/>
                <line number="37" hits="2"/>
                <line number="38" hits="2"/>
                <line number="41" hits="2"/>
                <line number="42" hits="2"/>
                <line number="43" hits="2"/>
                <line number="44" hits="2"/>
                <line number="45" hits="2"/>
                <line number="46" hits="2"/>
                <line number="48" hits="2"/>
                <line number="49" hits="2"/>
                <line number="50" hits="2"/>
                <line number="51" hits="2"/>
                <line number="52" hits="2"/>
                <line number="53" hits="2"/>
                <line number="54" hits="2"/>
                <line number="55" hits="2"/>
                <line number="56" hits="2"/>
                <line number="57" hits="2"/>
                <line number="59" hits="2"/>
                <line number="60" hits="2"/>
                <line number="61" hits="2"/>
                <line number="62" hits="2"/>
                <line number="63" hits="2"/>
                <line number="64" hits="2"/>
                <line number="65" hits="2"/>
                <line number="66" hits="2"/>
                <line number="67" hits="2"/>
                <line number="68" hits="2"/>
                <line number="69" hits="2"/>
                <line number="70" hits="2"/>
                <line number="71" hits="2"/>
                <line number="72" hits="2"/>
                <line number="73" hits="2"/>
                <line number="74" hits="2"/>
                <line number="75" hits="2"/>
                <line number="76" hits="2"/>
                <line number="77" hits="2"/>
                <line number="78" hits="2"/>
                <line number="79" hits="2"/>
                <line number="80" hits="2"/>
                <line number="82" hits="2"/>
                <line number="83" hits="2"/>
                <line number="84" hits="2"/>
                <line number="86" hits="2"/>
                <line number="87" hits="2"/>
                <line number="89" hits="2"/>
                <line number="90" hits="2"/>
                <line number="91" hits="2"/>
                <line number="92" hits="2"/>
                <line number="93" hits="2"/>
              </lines>
            </method>
          </methods>
          <lines>
            <line number="13" hits="2"/>
            <line number="14" hits="2"/>
            <line number="15" hits="2"/>
            <line number="16" hits="2"/>
            <line number="17" hits="2"/>
            <line number="18" hits="2"/>
            <line number="19" hits="2"/>
            <line number="21" hits="2"/>
            <line number="22" hits="2"/>
            <line number="23" hits="2"/>
            <line number="24" hits="2"/>
            <line number="25" hits="2"/>
            <line number="27" hits="2"/>
            <line number="28" hits="2"/>
            <line number="29" hits="2"/>
            <line number="30" hits="2"/>
            <line number="31" hits="2"/>
            <line number="34" hits="2"/>
            <line number="35" hits="2"/>
            <line number="37" hits="2"/>
            <line number="38" hits="2"/>
            <line number="41" hits="2"/>
            <line number="42" hits="2"/>
            <line number="43" hits="2"/>
            <line number="44" hits="2"/>
            <line number="45" hits="2"/>
            <line number="46" hits="2"/>
            <line number="48" hits="2"/>
            <line number="49" hits="2"/>
            <line number="50" hits="2"/>
            <line number="51" hits="2"/>
            <line number="52" hits="2"/>
            <line number="53" hits="2"/>
            <line number="54" hits="2"/>
            <line number="55" hits="2"/>
            <line number="56" hits="2"/>
            <line number="57" hits="2"/>
            <line number="59" hits="2"/>
            <line number="60" hits="2"/>
            <line number="61" hits="2"/>
            <line number="62" hits="2"/>
            <line number="63" hits="2"/>
            <line number="64" hits="2"/>
            <line number="65" hits="2"/>
            <line number="66" hits="2"/>
            <line number="67" hits="2"/>
            <line number="68" hits="2"/>
            <line number="69" hits="2"/>
            <line number="70" hits="2"/>
            <line number="71" hits="2"/>
            <line number="72" hits="2"/>
            <line number="73" hits="2"/>
            <line number="74" hits="2"/>
            <line number="75" hits="2"/>
            <line number="76" hits="2"/>
            <line number="77" hits="2"/>
            <line number="78" hits="2"/>
            <line number="79" hits="2"/>
            <line number="80" hits="2"/>
            <line number="82" hits="2"/>
            <line number="83" hits="2"/>
            <line number="84" hits="2"/>
            <line number="86" hits="2"/>
            <line number="87" hits="2"/>
            <line number="89" hits="2"/>
            <line number="90" hits="2"/>
            <line number="91" hits="2"/>
            <line number="92" hits="2"/>
            <line number="93" hits="2"/>
          </lines>
        </class>
      </classes>
    </package>
    <package name="Menu/MenuBase.php" line-rate="1" branch-rate="1" complexity="1">
      <classes>
        <class name="App\Menu\MenuBase" filename="Menu/MenuBase.php" line-rate="1" branch-rate="1" complexity="1">
          <methods>
            <method name="__construct" signature="MenuTwig $menuTwig" line-rate="1" branch-rate="1" complexity="1">
              <lines>
                <line number="11" hits="3"/>
              </lines>
            </method>
          </methods>
          <lines>
            <line number="11" hits="3"/>
          </lines>
        </class>
      </classes>
    </package>
    <package name="Menu/MenuItem.php" line-rate="1" branch-rate="1" complexity="2">
      <classes>
        <class name="App\Menu\MenuItem" filename="Menu/MenuItem.php" line-rate="1" branch-rate="1" complexity="2">
          <methods>
            <method name="__construct" signature="string $id, ?string $label, ?string $route, ?array $routeParams, ?array $options, ?array $subItems" line-rate="1" branch-rate="1" complexity="2">
              <lines>
                <line number="42" hits="3"/>
                <line number="43" hits="3"/>
                <line number="44" hits="3"/>
                <line number="45" hits="3"/>
                <line number="46" hits="3"/>
                <line number="47" hits="3"/>
              </lines>
            </method>
          </methods>
          <lines>
            <line number="42" hits="3"/>
            <line number="43" hits="3"/>
            <line number="44" hits="3"/>
            <line number="45" hits="3"/>
            <line number="46" hits="3"/>
            <line number="47" hits="3"/>
          </lines>
        </class>
      </classes>
    </package>
    <package name="Menu/MenuTwig.php" line-rate="0.80555555555556" branch-rate="0.64516129032258" complexity="20">
      <classes>
        <class name="App\Menu\MenuTwig" filename="Menu/MenuTwig.php" line-rate="0.80555555555556" branch-rate="0.64516129032258" complexity="20">
          <methods>
            <method name="__construct" signature="RouterInterface $router, RequestStack $requestStack" line-rate="1" branch-rate="1" complexity="1">
              <lines>
                <line number="26" hits="3"/>
                <line number="27" hits="3"/>
                <line number="28" hits="3"/>
              </lines>
            </method>
            <method name="getFunctions" signature="" line-rate="1" branch-rate="1" complexity="1">
              <lines>
                <line number="33" hits="2"/>
                <line number="34" hits="2"/>
                <line number="35" hits="2"/>
                <line number="36" hits="2"/>
                <line number="37" hits="2"/>
                <line number="38" hits="2"/>
                <line number="39" hits="2"/>
                <line number="40" hits="2"/>
                <line number="41" hits="2"/>
              </lines>
            </method>
            <method name="newItem" signature="string $id, ?string $label, ?string $route, ?array $routeParams, ?array $options, ?array $subItems" line-rate="0" branch-rate="0" complexity="1">
              <lines>
                <line number="57" hits="0"/>
              </lines>
            </method>
            <method name="addItem" signature="string $menuName, MenuItem $item" line-rate="1" branch-rate="1" complexity="3">
              <lines>
                <line number="62" hits="3"/>
                <line number="64" hits="3"/>
                <line number="65" hits="3"/>
                <line number="66" hits="3"/>
                <line number="69" hits="3"/>
                <line number="71" hits="3"/>
              </lines>
            </method>
            <method name="getItem" signature="string $menuName, string $label" line-rate="0" branch-rate="0" complexity="1">
              <lines>
                <line number="76" hits="0"/>
              </lines>
            </method>
            <method name="getUrl" signature="MenuItem $item" line-rate="1" branch-rate="1" complexity="2">
              <lines>
                <line number="81" hits="3"/>
                <line number="82" hits="3"/>
                <line number="86" hits="3"/>
              </lines>
            </method>
            <method name="isMenuItemActive" signature="MenuItem $item" line-rate="0.66666666666667" branch-rate="0.5" complexity="7">
              <lines>
                <line number="91" hits="3"/>
                <line number="92" hits="3"/>
                <line number="93" hits="3"/>
                <line number="95" hits="3"/>
                <line number="96" hits="3"/>
                <line number="97" hits="0"/>
                <line number="98" hits="0"/>
                <line number="99" hits="0"/>
                <line number="104" hits="3"/>
              </lines>
            </method>
            <method name="isUrlMenuItemActive" signature="MenuItem $item" line-rate="0" branch-rate="0" complexity="1">
              <lines>
                <line number="109" hits="0"/>
              </lines>
            </method>
            <method name="getMenuItems" signature="string $nom" line-rate="1" branch-rate="1" complexity="1">
              <lines>
                <line number="117" hits="3"/>
              </lines>
            </method>
            <method name="getMenuSubItems" signature="MenuItem $item" line-rate="1" branch-rate="1" complexity="1">
              <lines>
                <line number="125" hits="3"/>
              </lines>
            </method>
            <method name="getMenuOptions" signature="string $nom" line-rate="0" branch-rate="0" complexity="1">
              <lines>
                <line number="133" hits="0"/>
              </lines>
            </method>
          </methods>
          <lines>
            <line number="26" hits="3"/>
            <line number="27" hits="3"/>
            <line number="28" hits="3"/>
            <line number="33" hits="2"/>
            <line number="34" hits="2"/>
            <line number="35" hits="2"/>
            <line number="36" hits="2"/>
            <line number="37" hits="2"/>
            <line number="38" hits="2"/>
            <line number="39" hits="2"/>
            <line number="40" hits="2"/>
            <line number="41" hits="2"/>
            <line number="57" hits="0"/>
            <line number="62" hits="3"/>
            <line number="64" hits="3"/>
            <line number="65" hits="3"/>
            <line number="66" hits="3"/>
            <line number="69" hits="3"/>
            <line number="71" hits="3"/>
            <line number="76" hits="0"/>
            <line number="81" hits="3"/>
            <line number="82" hits="3"/>
            <line number="86" hits="3"/>
            <line number="91" hits="3"/>
            <line number="92" hits="3"/>
            <line number="93" hits="3"/>
            <line number="95" hits="3"/>
            <line number="96" hits="3"/>
            <line number="97" hits="0"/>
            <line number="98" hits="0"/>
            <line number="99" hits="0"/>
            <line number="104" hits="3"/>
            <line number="109" hits="0"/>
            <line number="117" hits="3"/>
            <line number="125" hits="3"/>
            <line number="133" hits="0"/>
          </lines>
        </class>
      </classes>
    </package>
    <package name="Param.php" line-rate="1" branch-rate="1" complexity="1">
      <classes>
        <class name="App\Param" filename="Param.php" line-rate="1" branch-rate="1" complexity="1">
          <methods>
            <method name="__construct" signature="?string $description, ?string $valeur, bool $readOnly, string $type" line-rate="1" branch-rate="1" complexity="1">
              <lines>
                <line number="30" hits="2"/>
                <line number="31" hits="2"/>
                <line number="32" hits="2"/>
                <line number="33" hits="2"/>
              </lines>
            </method>
          </methods>
          <lines>
            <line number="30" hits="2"/>
            <line number="31" hits="2"/>
            <line number="32" hits="2"/>
            <line number="33" hits="2"/>
          </lines>
        </class>
      </classes>
    </package>
    <package name="Parameter.php" line-rate="0" branch-rate="0" complexity="0">
      <classes>
        <class name="App\Parameter" filename="Parameter.php" line-rate="0" branch-rate="0" complexity="0">
          <methods/>
          <lines/>
        </class>
      </classes>
    </package>
    <package name="Repository/ParameterRepository.php" line-rate="1" branch-rate="1" complexity="1">
      <classes>
        <class name="App\Repository\ParameterRepository" filename="Repository/ParameterRepository.php" line-rate="1" branch-rate="1" complexity="1">
          <methods>
            <method name="__construct" signature="ManagerRegistry $registry" line-rate="1" branch-rate="1" complexity="1">
              <lines>
                <line number="16" hits="1"/>
              </lines>
            </method>
          </methods>
          <lines>
            <line number="16" hits="1"/>
          </lines>
        </class>
      </classes>
    </package>
    <package name="Security/Action.php" line-rate="1" branch-rate="1" complexity="1">
      <classes>
        <class name="App\Security\Action" filename="Security/Action.php" line-rate="1" branch-rate="1" complexity="1">
          <methods>
            <method name="getActions" signature="" line-rate="1" branch-rate="1" complexity="1">
              <lines>
                <line number="33" hits="3"/>
                <line number="35" hits="3"/>
              </lines>
            </method>
          </methods>
          <lines>
            <line number="33" hits="3"/>
            <line number="35" hits="3"/>
          </lines>
        </class>
      </classes>
    </package>
    <package name="Security/ActionVoter.php" line-rate="0.9" branch-rate="0.9" complexity="6">
      <classes>
        <class name="App\Security\ActionVoter" filename="Security/ActionVoter.php" line-rate="0.9" branch-rate="0.9" complexity="6">
          <methods>
            <method name="__construct" signature="Security $security" line-rate="1" branch-rate="1" complexity="1">
              <lines>
                <line number="30" hits="3"/>
              </lines>
            </method>
            <method name="supports" signature="string $attribute, mixed $subject" line-rate="1" branch-rate="1" complexity="1">
              <lines>
                <line number="38" hits="3"/>
              </lines>
            </method>
            <method name="voteOnAttribute" signature="string $attribute, mixed $subject, TokenInterface $token" line-rate="0.875" branch-rate="0.875" complexity="4">
              <lines>
                <line number="46" hits="3"/>
                <line number="49" hits="3"/>
                <line number="50" hits="0"/>
                <line number="52" hits="3"/>
                <line number="53" hits="3"/>
                <line number="54" hits="3"/>
                <line number="55" hits="3"/>
                <line number="59" hits="1"/>
              </lines>
            </method>
          </methods>
          <lines>
            <line number="30" hits="3"/>
            <line number="38" hits="3"/>
            <line number="46" hits="3"/>
            <line number="49" hits="3"/>
            <line number="50" hits="0"/>
            <line number="52" hits="3"/>
            <line number="53" hits="3"/>
            <line number="54" hits="3"/>
            <line number="55" hits="3"/>
            <line number="59" hits="1"/>
          </lines>
        </class>
      </classes>
    </package>
    <package name="Security/EnvAuthenticator.php" line-rate="0.80645161290323" branch-rate="0.75" complexity="9">
      <classes>
        <class name="App\Security\EnvAuthenticator" filename="Security/EnvAuthenticator.php" line-rate="0.80645161290323" branch-rate="0.75" complexity="9">
          <methods>
            <method name="__construct" signature="array $settings" line-rate="1" branch-rate="1" complexity="1">
              <lines>
                <line number="37" hits="3"/>
              </lines>
            </method>
            <method name="getLoginEnvVar" signature="" line-rate="0.75" branch-rate="0.66666666666667" complexity="2">
              <lines>
                <line number="42" hits="3"/>
                <line number="43" hits="3"/>
                <line number="44" hits="3"/>
                <line number="47" hits="0"/>
              </lines>
            </method>
            <method name="supports" signature="Request $request" line-rate="1" branch-rate="1" complexity="2">
              <lines>
                <line number="52" hits="3"/>
                <line number="53" hits="3"/>
              </lines>
            </method>
            <method name="authenticate" signature="Request $request" line-rate="0.94736842105263" branch-rate="0.66666666666667" complexity="2">
              <lines>
                <line number="58" hits="3"/>
                <line number="59" hits="3"/>
                <line number="62" hits="0"/>
                <line number="65" hits="3"/>
                <line number="66" hits="3"/>
                <line number="67" hits="3"/>
                <line number="69" hits="3"/>
                <line number="71" hits="3"/>
                <line number="72" hits="3"/>
                <line number="73" hits="3"/>
                <line number="74" hits="3"/>
                <line number="75" hits="3"/>
                <line number="76" hits="3"/>
                <line number="77" hits="3"/>
                <line number="78" hits="3"/>
                <line number="79" hits="3"/>
                <line number="81" hits="3"/>
                <line number="82" hits="3"/>
                <line number="83" hits="3"/>
              </lines>
            </method>
            <method name="onAuthenticationSuccess" signature="Request $request, TokenInterface $token, string $firewallName" line-rate="1" branch-rate="1" complexity="1">
              <lines>
                <line number="89" hits="3"/>
              </lines>
            </method>
            <method name="onAuthenticationFailure" signature="Request $request, AuthenticationException $exception" line-rate="0" branch-rate="0" complexity="1">
              <lines>
                <line number="94" hits="0"/>
                <line number="96" hits="0"/>
                <line number="97" hits="0"/>
                <line number="99" hits="0"/>
              </lines>
            </method>
          </methods>
          <lines>
            <line number="37" hits="3"/>
            <line number="42" hits="3"/>
            <line number="43" hits="3"/>
            <line number="44" hits="3"/>
            <line number="47" hits="0"/>
            <line number="52" hits="3"/>
            <line number="53" hits="3"/>
            <line number="58" hits="3"/>
            <line number="59" hits="3"/>
            <line number="62" hits="0"/>
            <line number="65" hits="3"/>
            <line number="66" hits="3"/>
            <line number="67" hits="3"/>
            <line number="69" hits="3"/>
            <line number="71" hits="3"/>
            <line number="72" hits="3"/>
            <line number="73" hits="3"/>
            <line number="74" hits="3"/>
            <line number="75" hits="3"/>
            <line number="76" hits="3"/>
            <line number="77" hits="3"/>
            <line number="78" hits="3"/>
            <line number="79" hits="3"/>
            <line number="81" hits="3"/>
            <line number="82" hits="3"/>
            <line number="83" hits="3"/>
            <line number="89" hits="3"/>
            <line number="94" hits="0"/>
            <line number="96" hits="0"/>
            <line number="97" hits="0"/>
            <line number="99" hits="0"/>
          </lines>
        </class>
      </classes>
    </package>
    <package name="Security/EventsListener.php" line-rate="0.9622641509434" branch-rate="0.045454545454545" complexity="12">
      <classes>
        <class name="App\Security\EventsListener" filename="Security/EventsListener.php" line-rate="0.9622641509434" branch-rate="0.045454545454545" complexity="12">
          <methods>
            <method name="__construct" signature="Application $application, LoggerInterface $applicationLogger" line-rate="1" branch-rate="1" complexity="1">
              <lines>
                <line number="20" hits="3"/>
                <line number="21" hits="3"/>
              </lines>
            </method>
            <method name="responseEvent" signature="ResponseEvent $event" line-rate="1" branch-rate="0" complexity="3">
              <lines>
                <line number="28" hits="3"/>
                <line number="29" hits="3"/>
                <line number="30" hits="1"/>
                <line number="31" hits="1"/>
                <line number="32" hits="1"/>
                <line number="33" hits="1"/>
                <line number="34" hits="1"/>
                <line number="35" hits="1"/>
                <line number="36" hits="1"/>
                <line number="37" hits="1"/>
                <line number="38" hits="1"/>
                <line number="39" hits="1"/>
                <line number="40" hits="1"/>
                <line number="41" hits="1"/>
                <line number="42" hits="1"/>
                <line number="44" hits="3"/>
                <line number="45" hits="3"/>
                <line number="46" hits="3"/>
                <line number="47" hits="3"/>
                <line number="48" hits="3"/>
                <line number="49" hits="3"/>
                <line number="50" hits="3"/>
                <line number="51" hits="3"/>
                <line number="52" hits="3"/>
                <line number="53" hits="3"/>
                <line number="54" hits="3"/>
                <line number="55" hits="3"/>
                <line number="56" hits="3"/>
                <line number="58" hits="3"/>
                <line number="59" hits="3"/>
                <line number="60" hits="3"/>
                <line number="62" hits="1"/>
                <line number="64" hits="3"/>
                <line number="65" hits="3"/>
                <line number="66" hits="3"/>
                <line number="67" hits="3"/>
              </lines>
            </method>
            <method name="loginSuccessEvent" signature="LoginSuccessEvent $event" line-rate="1" branch-rate="0" complexity="3">
              <lines>
                <line number="73" hits="3"/>
                <line number="75" hits="3"/>
                <line number="76" hits="3"/>
              </lines>
            </method>
            <method name="loginFailureEvent" signature="LoginFailureEvent $event" line-rate="0" branch-rate="0" complexity="2">
              <lines>
                <line number="84" hits="0"/>
                <line number="85" hits="0"/>
              </lines>
            </method>
            <method name="checkPassportEvent" signature="CheckPassportEvent $event" line-rate="1" branch-rate="0" complexity="3">
              <lines>
                <line number="95" hits="3"/>
                <line number="97" hits="3"/>
                <line number="98" hits="3"/>
                <line number="99" hits="3"/>
                <line number="100" hits="3"/>
                <line number="101" hits="3"/>
                <line number="102" hits="3"/>
                <line number="103" hits="3"/>
                <line number="104" hits="3"/>
                <line number="107" hits="3"/>
              </lines>
            </method>
          </methods>
          <lines>
            <line number="20" hits="3"/>
            <line number="21" hits="3"/>
            <line number="28" hits="3"/>
            <line number="29" hits="3"/>
            <line number="30" hits="1"/>
            <line number="31" hits="1"/>
            <line number="32" hits="1"/>
            <line number="33" hits="1"/>
            <line number="34" hits="1"/>
            <line number="35" hits="1"/>
            <line number="36" hits="1"/>
            <line number="37" hits="1"/>
            <line number="38" hits="1"/>
            <line number="39" hits="1"/>
            <line number="40" hits="1"/>
            <line number="41" hits="1"/>
            <line number="42" hits="1"/>
            <line number="44" hits="3"/>
            <line number="45" hits="3"/>
            <line number="46" hits="3"/>
            <line number="47" hits="3"/>
            <line number="48" hits="3"/>
            <line number="49" hits="3"/>
            <line number="50" hits="3"/>
            <line number="51" hits="3"/>
            <line number="52" hits="3"/>
            <line number="53" hits="3"/>
            <line number="54" hits="3"/>
            <line number="55" hits="3"/>
            <line number="56" hits="3"/>
            <line number="58" hits="3"/>
            <line number="59" hits="3"/>
            <line number="60" hits="3"/>
            <line number="62" hits="1"/>
            <line number="64" hits="3"/>
            <line number="65" hits="3"/>
            <line number="66" hits="3"/>
            <line number="67" hits="3"/>
            <line number="73" hits="3"/>
            <line number="75" hits="3"/>
            <line number="76" hits="3"/>
            <line number="84" hits="0"/>
            <line number="85" hits="0"/>
            <line number="95" hits="3"/>
            <line number="97" hits="3"/>
            <line number="98" hits="3"/>
            <line number="99" hits="3"/>
            <line number="100" hits="3"/>
            <line number="101" hits="3"/>
            <line number="102" hits="3"/>
            <line number="103" hits="3"/>
            <line number="104" hits="3"/>
            <line number="107" hits="3"/>
          </lines>
        </class>
      </classes>
    </package>
    <package name="Security/Role.php" line-rate="1" branch-rate="1" complexity="1">
      <classes>
        <class name="App\Security\Role" filename="Security/Role.php" line-rate="1" branch-rate="1" complexity="1">
          <methods>
            <method name="getRoles" signature="" line-rate="1" branch-rate="1" complexity="1">
              <lines>
                <line number="23" hits="1"/>
                <line number="25" hits="1"/>
              </lines>
            </method>
          </methods>
          <lines>
            <line number="23" hits="1"/>
            <line number="25" hits="1"/>
          </lines>
        </class>
      </classes>
    </package>
    <package name="Security/User.php" line-rate="0.83333333333333" branch-rate="0.88235294117647" complexity="15">
      <classes>
        <class name="App\Security\User" filename="Security/User.php" line-rate="0.83333333333333" branch-rate="0.88235294117647" complexity="15">
          <methods>
            <method name="setSamlAttributes" signature="array $attributes" line-rate="0" branch-rate="0" complexity="1">
              <lines>
                <line number="34" hits="0"/>
                <line number="35" hits="0"/>
                <line number="36" hits="0"/>
              </lines>
            </method>
            <method name="setEnvAttributes" signature="array $attributes" line-rate="1" branch-rate="1" complexity="1">
              <lines>
                <line number="44" hits="3"/>
                <line number="45" hits="3"/>
                <line number="46" hits="3"/>
              </lines>
            </method>
            <method name="getUserIdentifier" signature="" line-rate="1" branch-rate="0.75" complexity="2">
              <lines>
                <line number="51" hits="3"/>
              </lines>
            </method>
            <method name="getGinaRoles" signature="" line-rate="1" branch-rate="1" complexity="1">
              <lines>
                <line number="59" hits="3"/>
              </lines>
            </method>
            <method name="getName" signature="" line-rate="1" branch-rate="1" complexity="1">
              <lines>
                <line number="64" hits="1"/>
              </lines>
            </method>
            <method name="getFirstName" signature="" line-rate="1" branch-rate="1" complexity="1">
              <lines>
                <line number="69" hits="1"/>
              </lines>
            </method>
            <method name="getFullName" signature="" line-rate="1" branch-rate="1" complexity="1">
              <lines>
                <line number="74" hits="3"/>
              </lines>
            </method>
            <method name="getEmail" signature="" line-rate="1" branch-rate="1" complexity="1">
              <lines>
                <line number="79" hits="1"/>
              </lines>
            </method>
            <method name="getAttributes" signature="" line-rate="1" branch-rate="1" complexity="1">
              <lines>
                <line number="87" hits="3"/>
              </lines>
            </method>
            <method name="getAuthentificationMethode" signature="" line-rate="1" branch-rate="1" complexity="1">
              <lines>
                <line number="92" hits="1"/>
              </lines>
            </method>
            <method name="hasLogout" signature="" line-rate="1" branch-rate="1" complexity="1">
              <lines>
                <line number="97" hits="3"/>
              </lines>
            </method>
            <method name="getRoles" signature="" line-rate="1" branch-rate="1" complexity="1">
              <lines>
                <line number="105" hits="3"/>
              </lines>
            </method>
            <method name="setRoles" signature="array $roles" line-rate="1" branch-rate="1" complexity="1">
              <lines>
                <line number="113" hits="3"/>
              </lines>
            </method>
            <method name="eraseCredentials" signature="" line-rate="1" branch-rate="1" complexity="1">
              <lines>
                <line number="119" hits="3"/>
              </lines>
            </method>
          </methods>
          <lines>
            <line number="34" hits="0"/>
            <line number="35" hits="0"/>
            <line number="36" hits="0"/>
            <line number="44" hits="3"/>
            <line number="45" hits="3"/>
            <line number="46" hits="3"/>
            <line number="51" hits="3"/>
            <line number="59" hits="3"/>
            <line number="64" hits="1"/>
            <line number="69" hits="1"/>
            <line number="74" hits="3"/>
            <line number="79" hits="1"/>
            <line number="87" hits="3"/>
            <line number="92" hits="1"/>
            <line number="97" hits="3"/>
            <line number="105" hits="3"/>
            <line number="113" hits="3"/>
            <line number="119" hits="3"/>
          </lines>
        </class>
      </classes>
    </package>
    <package name="Service/ApplicationInfo/Lib.php" line-rate="0.69798657718121" branch-rate="0.60606060606061" complexity="47">
      <classes>
        <class name="App\Service\ApplicationInfo\Lib" filename="Service/ApplicationInfo/Lib.php" line-rate="0.69798657718121" branch-rate="0.60606060606061" complexity="47">
          <methods>
            <method name="__construct" signature="InterfaceOutput $output" line-rate="0.81818181818182" branch-rate="0.5" complexity="3">
              <lines>
                <line number="23" hits="1"/>
                <line number="25" hits="1"/>
[...]
            <line number="255" hits="0"/>
            <line number="261" hits="1"/>
            <line number="263" hits="1"/>
            <line number="264" hits="1"/>
            <line number="265" hits="1"/>
            <line number="266" hits="1"/>
            <line number="267" hits="1"/>
            <line number="268" hits="1"/>
            <line number="269" hits="1"/>
            <line number="270" hits="1"/>
            <line number="271" hits="1"/>
            <line number="272" hits="1"/>
            <line number="273" hits="0"/>
            <line number="274" hits="0"/>
          </lines>
        </class>
      </classes>
    </package>
    <package name="Service/ApplicationInfo/Output/InterfaceOutput.php" line-rate="0" branch-rate="0" complexity="0">
      <classes/>
    </package>
    <package name="Service/ApplicationInfo/Output/PhpOutput.php" line-rate="1" branch-rate="1" complexity="10">
      <classes>
        <class name="App\Service\ApplicationInfo\Output\PhpOutput" filename="Service/ApplicationInfo/Output/PhpOutput.php" line-rate="1" branch-rate="1" complexity="10">
          <methods>
            <method name="output" signature="string $str" line-rate="1" branch-rate="1" complexity="1">
              <lines>
                <line number="9" hits="1"/>
              </lines>
            </method>
            <method name="top" signature="" line-rate="1" branch-rate="1" complexity="1">
              <lines>
                <line number="53" hits="1"/>
                <line number="54" hits="1"/>
                <line number="60" hits="1"/>
                <line number="63" hits="1"/>
                <line number="64" hits="1"/>
              </lines>
            </method>
            <method name="bottom" signature="" line-rate="1" branch-rate="1" complexity="1">
              <lines>
                <line number="69" hits="1"/>
                <line number="73" hits="1"/>
                <line number="74" hits="1"/>
              </lines>
            </method>
            <method name="title" signature="string $str" line-rate="1" branch-rate="1" complexity="1">
              <lines>
                <line number="79" hits="1"/>
              </lines>
            </method>
            <method name="line" signature="string $str" line-rate="1" branch-rate="1" complexity="1">
              <lines>
                <line number="84" hits="1"/>
              </lines>
            </method>
            <method name="erreur" signature="string $str" line-rate="1" branch-rate="1" complexity="1">
              <lines>
                <line number="89" hits="1"/>
              </lines>
            </method>
            <method name="ok" signature="string $str" line-rate="1" branch-rate="1" complexity="1">
              <lines>
                <line number="94" hits="1"/>
              </lines>
            </method>
            <method name="ko" signature="string $str" line-rate="1" branch-rate="1" complexity="1">
              <lines>
                <line number="99" hits="1"/>
              </lines>
            </method>
            <method name="filter" signature="string $str" line-rate="1" branch-rate="1" complexity="1">
              <lines>
                <line number="104" hits="1"/>
              </lines>
            </method>
          </methods>
          <lines>
            <line number="9" hits="1"/>
            <line number="53" hits="1"/>
            <line number="54" hits="1"/>
            <line number="60" hits="1"/>
            <line number="63" hits="1"/>
            <line number="64" hits="1"/>
            <line number="69" hits="1"/>
            <line number="73" hits="1"/>
            <line number="74" hits="1"/>
            <line number="79" hits="1"/>
            <line number="84" hits="1"/>
            <line number="89" hits="1"/>
            <line number="94" hits="1"/>
            <line number="99" hits="1"/>
            <line number="104" hits="1"/>
          </lines>
        </class>
      </classes>
    </package>
    <package name="Service/ApplicationInfo/Output/SondeOutput.php" line-rate="0.6" branch-rate="0.66666666666667" complexity="10">
      <classes>
        <class name="App\Service\ApplicationInfo\Output\SondeOutput" filename="Service/ApplicationInfo/Output/SondeOutput.php" line-rate="0.6" branch-rate="0.66666666666667" complexity="10">
          <methods>
            <method name="top" signature="" line-rate="1" branch-rate="1" complexity="1">
              <lines>
                <line number="11" hits="1"/>
              </lines>
            </method>
            <method name="bottom" signature="" line-rate="1" branch-rate="0.75" complexity="2">
              <lines>
                <line number="16" hits="1"/>
              </lines>
            </method>
            <method name="erreur" signature="string $str" line-rate="0" branch-rate="0" complexity="1">
              <lines>
                <line number="21" hits="0"/>
              </lines>
            </method>
            <method name="ko" signature="string $str" line-rate="0" branch-rate="0" complexity="1">
              <lines>
                <line number="26" hits="0"/>
                <line number="28" hits="0"/>
              </lines>
            </method>
            <method name="output" signature="string $str" line-rate="0" branch-rate="0" complexity="1">
              <lines>
                <line number="34" hits="0"/>
              </lines>
            </method>
            <method name="title" signature="string $str" line-rate="1" branch-rate="1" complexity="1">
              <lines>
                <line number="39" hits="1"/>
              </lines>
            </method>
            <method name="line" signature="string $str" line-rate="1" branch-rate="1" complexity="1">
              <lines>
                <line number="44" hits="1"/>
              </lines>
            </method>
            <method name="ok" signature="string $str" line-rate="1" branch-rate="1" complexity="1">
              <lines>
                <line number="48" hits="1"/>
              </lines>
            </method>
            <method name="filter" signature="string $str" line-rate="1" branch-rate="1" complexity="1">
              <lines>
                <line number="53" hits="1"/>
              </lines>
            </method>
          </methods>
          <lines>
            <line number="11" hits="1"/>
            <line number="16" hits="1"/>
            <line number="21" hits="0"/>
            <line number="26" hits="0"/>
            <line number="28" hits="0"/>
            <line number="34" hits="0"/>
            <line number="39" hits="1"/>
            <line number="44" hits="1"/>
            <line number="48" hits="1"/>
            <line number="53" hits="1"/>
          </lines>
        </class>
      </classes>
    </package>
    <package name="Service/ApplicationInfo/Output/SymfonyOutput.php" line-rate="1" branch-rate="1" complexity="4">
      <classes>
        <class name="App\Service\ApplicationInfo\Output\SymfonyOutput" filename="Service/ApplicationInfo/Output/SymfonyOutput.php" line-rate="1" branch-rate="1" complexity="4">
          <methods>
            <method name="top" signature="" line-rate="1" branch-rate="1" complexity="1">
              <lines>
                <line number="11" hits="1"/>
              </lines>
            </method>
            <method name="bottom" signature="" line-rate="1" branch-rate="1" complexity="1">
              <lines>
                <line number="16" hits="1"/>
              </lines>
            </method>
            <method name="output" signature="string $str" line-rate="1" branch-rate="1" complexity="1">
              <lines>
                <line number="21" hits="1"/>
              </lines>
            </method>
            <method name="getHtml" signature="" line-rate="1" branch-rate="1" complexity="1">
              <lines>
                <line number="26" hits="1"/>
              </lines>
            </method>
          </methods>
          <lines>
            <line number="11" hits="1"/>
            <line number="16" hits="1"/>
            <line number="21" hits="1"/>
            <line number="26" hits="1"/>
          </lines>
        </class>
      </classes>
    </package>
    <package name="Service/ApplicationInfo/Php.php" line-rate="1" branch-rate="1" complexity="1">
      <classes>
        <class name="App\Service\ApplicationInfo\Php" filename="Service/ApplicationInfo/Php.php" line-rate="1" branch-rate="1" complexity="1">
          <methods>
            <method name="execute" signature="" line-rate="1" branch-rate="1" complexity="1">
              <lines>
                <line number="38" hits="1"/>
                <line number="39" hits="1"/>
                <line number="40" hits="1"/>
                <line number="41" hits="1"/>
                <line number="42" hits="1"/>
                <line number="43" hits="1"/>
              </lines>
            </method>
          </methods>
          <lines>
            <line number="38" hits="1"/>
            <line number="39" hits="1"/>
            <line number="40" hits="1"/>
            <line number="41" hits="1"/>
            <line number="42" hits="1"/>
            <line number="43" hits="1"/>
          </lines>
        </class>
      </classes>
    </package>
    <package name="Service/ApplicationInfo/SondePhp.php" line-rate="1" branch-rate="1" complexity="1">
      <classes>
        <class name="App\Service\ApplicationInfo\SondePhp" filename="Service/ApplicationInfo/SondePhp.php" line-rate="1" branch-rate="1" complexity="1">
          <methods>
            <method name="execute" signature="" line-rate="1" branch-rate="1" complexity="1">
              <lines>
                <line number="9" hits="1"/>
              </lines>
            </method>
          </methods>
          <lines>
            <line number="9" hits="1"/>
          </lines>
        </class>
      </classes>
    </package>
    <package name="Service/ApplicationInfo/Symfony.php" line-rate="1" branch-rate="1" complexity="1">
      <classes>
        <class name="App\Service\ApplicationInfo\Symfony" filename="Service/ApplicationInfo/Symfony.php" line-rate="1" branch-rate="1" complexity="1">
          <methods>
            <method name="execute" signature="" line-rate="1" branch-rate="1" complexity="1">
              <lines>
                <line number="9" hits="1"/>
                <line number="10" hits="1"/>
                <line number="11" hits="1"/>
                <line number="12" hits="1"/>
                <line number="13" hits="1"/>
              </lines>
            </method>
          </methods>
          <lines>
            <line number="9" hits="1"/>
            <line number="10" hits="1"/>
            <line number="11" hits="1"/>
            <line number="12" hits="1"/>
            <line number="13" hits="1"/>
          </lines>
        </class>
      </classes>
    </package>
    <package name="Service/Mail.php" line-rate="0.8" branch-rate="0.71428571428571" complexity="7">
      <classes>
        <class name="App\Service\Mail" filename="Service/Mail.php" line-rate="0.8" branch-rate="0.71428571428571" complexity="7">
          <methods>
            <method name="__construct" signature="MailerInterface $mailer, Application $application, Parameter $parameter, LoggerInterface $applicationLogger" line-rate="1" branch-rate="1" complexity="1">
              <lines>
                <line number="26" hits="1"/>
                <line number="27" hits="1"/>
                <line number="28" hits="1"/>
                <line number="29" hits="1"/>
              </lines>
            </method>
            <method name="sendMail" signature="string|array $to, string $subject, string $body" line-rate="0.76923076923077" branch-rate="0.69230769230769" complexity="6">
              <lines>
                <line number="46" hits="1"/>
                <line number="47" hits="1"/>
                <line number="48" hits="1"/>
                <line number="49" hits="1"/>
                <line number="51" hits="1"/>
                <line number="52" hits="1"/>
                <line number="53" hits="1"/>
                <line number="54" hits="1"/>
                <line number="55" hits="1"/>
                <line number="56" hits="1"/>
                <line number="57" hits="1"/>
                <line number="59" hits="1"/>
                <line number="60" hits="1"/>
                <line number="61" hits="1"/>
                <line number="62" hits="1"/>
                <line number="64" hits="1"/>
                <line number="65" hits="1"/>
                <line number="66" hits="1"/>
                <line number="67" hits="1"/>
                <line number="69" hits="1"/>
                <line number="70" hits="0"/>
                <line number="71" hits="0"/>
                <line number="72" hits="0"/>
                <line number="73" hits="0"/>
                <line number="74" hits="0"/>
                <line number="75" hits="0"/>
              </lines>
            </method>
          </methods>
          <lines>
            <line number="26" hits="1"/>
            <line number="27" hits="1"/>
            <line number="28" hits="1"/>
            <line number="29" hits="1"/>
            <line number="46" hits="1"/>
            <line number="47" hits="1"/>
            <line number="48" hits="1"/>
            <line number="49" hits="1"/>
            <line number="51" hits="1"/>
            <line number="52" hits="1"/>
            <line number="53" hits="1"/>
            <line number="54" hits="1"/>
            <line number="55" hits="1"/>
            <line number="56" hits="1"/>
            <line number="57" hits="1"/>
            <line number="59" hits="1"/>
            <line number="60" hits="1"/>
            <line number="61" hits="1"/>
            <line number="62" hits="1"/>
            <line number="64" hits="1"/>
            <line number="65" hits="1"/>
            <line number="66" hits="1"/>
            <line number="67" hits="1"/>
            <line number="69" hits="1"/>
            <line number="70" hits="0"/>
            <line number="71" hits="0"/>
            <line number="72" hits="0"/>
            <line number="73" hits="0"/>
            <line number="74" hits="0"/>
            <line number="75" hits="0"/>
          </lines>
        </class>
      </classes>
    </package>
    <package name="Twig/Extension.php" line-rate="0.84848484848485" branch-rate="0.70588235294118" complexity="15">
      <classes>
        <class name="App\Twig\Extension" filename="Twig/Extension.php" line-rate="0.84848484848485" branch-rate="0.70588235294118" complexity="15">
          <methods>
            <method name="__construct" signature="Application $application, Parameter $parameter" line-rate="1" branch-rate="1" complexity="1">
              <lines>
                <line number="20" hits="3"/>
                <line number="21" hits="3"/>
              </lines>
            </method>
            <method name="getFunctions" signature="" line-rate="1" branch-rate="1" complexity="1">
              <lines>
                <line number="29" hits="2"/>
                <line number="30" hits="2"/>
                <line number="31" hits="2"/>
                <line number="32" hits="2"/>
                <line number="33" hits="2"/>
                <line number="34" hits="2"/>
                <line number="35" hits="2"/>
                <line number="36" hits="2"/>
                <line number="37" hits="2"/>
                <line number="38" hits="2"/>
                <line number="39" hits="2"/>
                <line number="40" hits="2"/>
                <line number="41" hits="2"/>
              </lines>
            </method>
            <method name="getFilters" signature="" line-rate="1" branch-rate="1" complexity="1">
              <lines>
                <line number="49" hits="2"/>
                <line number="50" hits="2"/>
                <line number="51" hits="2"/>
                <line number="52" hits="2"/>
              </lines>
            </method>
            <method name="formatDate" signature="mixed $dateTime, string $format" line-rate="0.6" branch-rate="0.6" complexity="3">
              <lines>
                <line number="60" hits="3"/>
                <line number="61" hits="0"/>
                <line number="63" hits="3"/>
                <line number="64" hits="3"/>
                <line number="66" hits="0"/>
              </lines>
            </method>
            <method name="shortDate" signature="?DateTime $dateTime" line-rate="1" branch-rate="1" complexity="1">
              <lines>
                <line number="72" hits="3"/>
              </lines>
            </method>
            <method name="shortDateTime" signature="?DateTime $dateTime" line-rate="1" branch-rate="1" complexity="1">
              <lines>
                <line number="77" hits="3"/>
              </lines>
            </method>
            <method name="version" signature="" line-rate="1" branch-rate="1" complexity="1">
              <lines>
                <line number="82" hits="1"/>
              </lines>
            </method>
            <method name="serverType" signature="" line-rate="1" branch-rate="1" complexity="1">
              <lines>
                <line number="87" hits="3"/>
              </lines>
            </method>
            <method name="getParameter" signature="string $parameter" line-rate="0" branch-rate="0" complexity="1">
              <lines>
                <line number="92" hits="0"/>
              </lines>
            </method>
            <method name="isModeMaintenance" signature="" line-rate="1" branch-rate="1" complexity="1">
              <lines>
                <line number="100" hits="3"/>
              </lines>
            </method>
            <method name="isPageInfo" signature="" line-rate="1" branch-rate="1" complexity="1">
              <lines>
                <line number="108" hits="3"/>
              </lines>
            </method>
            <method name="getPageInfo" signature="" line-rate="0" branch-rate="0" complexity="1">
              <lines>
                <line number="116" hits="0"/>
              </lines>
            </method>
            <method name="getPageInfoId" signature="" line-rate="0" branch-rate="0" complexity="1">
              <lines>
                <line number="124" hits="0"/>
              </lines>
            </method>
          </methods>
          <lines>
            <line number="20" hits="3"/>
            <line number="21" hits="3"/>
            <line number="29" hits="2"/>
            <line number="30" hits="2"/>
            <line number="31" hits="2"/>
            <line number="32" hits="2"/>
            <line number="33" hits="2"/>
            <line number="34" hits="2"/>
            <line number="35" hits="2"/>
            <line number="36" hits="2"/>
            <line number="37" hits="2"/>
            <line number="38" hits="2"/>
            <line number="39" hits="2"/>
            <line number="40" hits="2"/>
            <line number="41" hits="2"/>
            <line number="49" hits="2"/>
            <line number="50" hits="2"/>
            <line number="51" hits="2"/>
            <line number="52" hits="2"/>
            <line number="60" hits="3"/>
            <line number="61" hits="0"/>
            <line number="63" hits="3"/>
            <line number="64" hits="3"/>
            <line number="66" hits="0"/>
            <line number="72" hits="3"/>
            <line number="77" hits="3"/>
            <line number="82" hits="1"/>
            <line number="87" hits="3"/>
            <line number="92" hits="0"/>
            <line number="100" hits="3"/>
            <line number="108" hits="3"/>
            <line number="116" hits="0"/>
            <line number="124" hits="0"/>
          </lines>
        </class>
      </classes>
    </package>
  </packages>
</coverage>
